The system is: Linux - 4.4.0-53-generic - x86_64
Compiling the C compiler identification source file "CMakeCCompilerId.c" succeeded.
Compiler: /usr/bin/cc 
Build flags: 
Id flags: 

The output was:
0


Compilation of the C compiler identification source "CMakeCCompilerId.c" produced "a.out"

The C compiler identification is Clang, found in "/home/jason/repos/lib-git/CMakeFiles/3.5.1/CompilerIdC/a.out"

Compiling the CXX compiler identification source file "CMakeCXXCompilerId.cpp" succeeded.
Compiler: /usr/bin/c++ 
Build flags: 
Id flags: 

The output was:
0


Compilation of the CXX compiler identification source "CMakeCXXCompilerId.cpp" produced "a.out"

The CXX compiler identification is Clang, found in "/home/jason/repos/lib-git/CMakeFiles/3.5.1/CompilerIdCXX/a.out"

Determining if the C compiler works passed with the following output:
Change Dir: /home/jason/repos/lib-git/CMakeFiles/CMakeTmp

Run Build Command:"/usr/bin/make" "cmTC_e8d31/fast"
make[1]: Entering directory '/home/jason/Code/Repositories/lib-git/CMakeFiles/CMakeTmp'
/usr/bin/make -f CMakeFiles/cmTC_e8d31.dir/build.make CMakeFiles/cmTC_e8d31.dir/build
make[2]: Entering directory '/home/jason/Code/Repositories/lib-git/CMakeFiles/CMakeTmp'
Building C object CMakeFiles/cmTC_e8d31.dir/testCCompiler.c.o
/usr/bin/cc     -o CMakeFiles/cmTC_e8d31.dir/testCCompiler.c.o   -c /home/jason/repos/lib-git/CMakeFiles/CMakeTmp/testCCompiler.c
Linking C executable cmTC_e8d31
/usr/bin/cmake -E cmake_link_script CMakeFiles/cmTC_e8d31.dir/link.txt --verbose=1
/usr/bin/cc       CMakeFiles/cmTC_e8d31.dir/testCCompiler.c.o  -o cmTC_e8d31 -rdynamic 
make[2]: Leaving directory '/home/jason/Code/Repositories/lib-git/CMakeFiles/CMakeTmp'
make[1]: Leaving directory '/home/jason/Code/Repositories/lib-git/CMakeFiles/CMakeTmp'


Detecting C compiler ABI info compiled with the following output:
Change Dir: /home/jason/repos/lib-git/CMakeFiles/CMakeTmp

Run Build Command:"/usr/bin/make" "cmTC_ae8c8/fast"
make[1]: Entering directory '/home/jason/Code/Repositories/lib-git/CMakeFiles/CMakeTmp'
/usr/bin/make -f CMakeFiles/cmTC_ae8c8.dir/build.make CMakeFiles/cmTC_ae8c8.dir/build
make[2]: Entering directory '/home/jason/Code/Repositories/lib-git/CMakeFiles/CMakeTmp'
Building C object CMakeFiles/cmTC_ae8c8.dir/CMakeCCompilerABI.c.o
/usr/bin/cc     -o CMakeFiles/cmTC_ae8c8.dir/CMakeCCompilerABI.c.o   -c /usr/share/cmake-3.5/Modules/CMakeCCompilerABI.c
Linking C executable cmTC_ae8c8
/usr/bin/cmake -E cmake_link_script CMakeFiles/cmTC_ae8c8.dir/link.txt --verbose=1
/usr/bin/cc      -v CMakeFiles/cmTC_ae8c8.dir/CMakeCCompilerABI.c.o  -o cmTC_ae8c8 -rdynamic  
clang version 3.8.0-2ubuntu4 (tags/RELEASE_380/final)
Target: x86_64-pc-linux-gnu
Thread model: posix
InstalledDir: /usr/bin
Found candidate GCC installation: /usr/bin/../lib/gcc/i686-linux-gnu/5.4.1
Found candidate GCC installation: /usr/bin/../lib/gcc/i686-linux-gnu/6.2.0
Found candidate GCC installation: /usr/bin/../lib/gcc/x86_64-linux-gnu/4.9
Found candidate GCC installation: /usr/bin/../lib/gcc/x86_64-linux-gnu/4.9.4
Found candidate GCC installation: /usr/bin/../lib/gcc/x86_64-linux-gnu/5.4.1
Found candidate GCC installation: /usr/bin/../lib/gcc/x86_64-linux-gnu/6.2.0
Found candidate GCC installation: /usr/lib/gcc/i686-linux-gnu/5.4.1
Found candidate GCC installation: /usr/lib/gcc/i686-linux-gnu/6.2.0
Found candidate GCC installation: /usr/lib/gcc/x86_64-linux-gnu/4.9
Found candidate GCC installation: /usr/lib/gcc/x86_64-linux-gnu/4.9.4
Found candidate GCC installation: /usr/lib/gcc/x86_64-linux-gnu/5.4.1
Found candidate GCC installation: /usr/lib/gcc/x86_64-linux-gnu/6.2.0
Selected GCC installation: /usr/bin/../lib/gcc/x86_64-linux-gnu/6.2.0
Candidate multilib: .;@m64
Candidate multilib: 32;@m32
Candidate multilib: x32;@mx32
Selected multilib: .;@m64
 "/usr/bin/ld" -export-dynamic -z relro --hash-style=gnu --build-id --eh-frame-hdr -m elf_x86_64 -dynamic-linker /lib64/ld-linux-x86-64.so.2 -o cmTC_ae8c8 /usr/bin/../lib/gcc/x86_64-linux-gnu/6.2.0/../../../x86_64-linux-gnu/crt1.o /usr/bin/../lib/gcc/x86_64-linux-gnu/6.2.0/../../../x86_64-linux-gnu/crti.o /usr/bin/../lib/gcc/x86_64-linux-gnu/6.2.0/crtbegin.o -L/usr/bin/../lib/gcc/x86_64-linux-gnu/6.2.0 -L/usr/bin/../lib/gcc/x86_64-linux-gnu/6.2.0/../../../x86_64-linux-gnu -L/usr/bin/../lib/gcc/x86_64-linux-gnu/6.2.0/../../../../lib64 -L/lib/x86_64-linux-gnu -L/lib/../lib64 -L/usr/lib/x86_64-linux-gnu -L/usr/lib/../lib64 -L/usr/lib/x86_64-linux-gnu/../../lib64 -L/usr/bin/../lib/gcc/x86_64-linux-gnu/6.2.0/../../.. -L/usr/lib/llvm-3.8/bin/../lib -L/lib -L/usr/lib CMakeFiles/cmTC_ae8c8.dir/CMakeCCompilerABI.c.o -lgcc --as-needed -lgcc_s --no-as-needed -lc -lgcc --as-needed -lgcc_s --no-as-needed /usr/bin/../lib/gcc/x86_64-linux-gnu/6.2.0/crtend.o /usr/bin/../lib/gcc/x86_64-linux-gnu/6.2.0/../../../x86_64-linux-gnu/crtn.o
make[2]: Leaving directory '/home/jason/Code/Repositories/lib-git/CMakeFiles/CMakeTmp'
make[1]: Leaving directory '/home/jason/Code/Repositories/lib-git/CMakeFiles/CMakeTmp'


Parsed C implicit link information from above output:
  link line regex: [^( *|.*[/\])(ld|([^/\]+-)?ld|collect2)[^/\]*( |$)]
  ignore line: [Change Dir: /home/jason/repos/lib-git/CMakeFiles/CMakeTmp]
  ignore line: []
  ignore line: [Run Build Command:"/usr/bin/make" "cmTC_ae8c8/fast"]
  ignore line: [make[1]: Entering directory '/home/jason/Code/Repositories/lib-git/CMakeFiles/CMakeTmp']
  ignore line: [/usr/bin/make -f CMakeFiles/cmTC_ae8c8.dir/build.make CMakeFiles/cmTC_ae8c8.dir/build]
  ignore line: [make[2]: Entering directory '/home/jason/Code/Repositories/lib-git/CMakeFiles/CMakeTmp']
  ignore line: [Building C object CMakeFiles/cmTC_ae8c8.dir/CMakeCCompilerABI.c.o]
  ignore line: [/usr/bin/cc     -o CMakeFiles/cmTC_ae8c8.dir/CMakeCCompilerABI.c.o   -c /usr/share/cmake-3.5/Modules/CMakeCCompilerABI.c]
  ignore line: [Linking C executable cmTC_ae8c8]
  ignore line: [/usr/bin/cmake -E cmake_link_script CMakeFiles/cmTC_ae8c8.dir/link.txt --verbose=1]
  ignore line: [/usr/bin/cc      -v CMakeFiles/cmTC_ae8c8.dir/CMakeCCompilerABI.c.o  -o cmTC_ae8c8 -rdynamic  ]
  ignore line: [clang version 3.8.0-2ubuntu4 (tags/RELEASE_380/final)]
  ignore line: [Target: x86_64-pc-linux-gnu]
  ignore line: [Thread model: posix]
  ignore line: [InstalledDir: /usr/bin]
  ignore line: [Found candidate GCC installation: /usr/bin/../lib/gcc/i686-linux-gnu/5.4.1]
  ignore line: [Found candidate GCC installation: /usr/bin/../lib/gcc/i686-linux-gnu/6.2.0]
  ignore line: [Found candidate GCC installation: /usr/bin/../lib/gcc/x86_64-linux-gnu/4.9]
  ignore line: [Found candidate GCC installation: /usr/bin/../lib/gcc/x86_64-linux-gnu/4.9.4]
  ignore line: [Found candidate GCC installation: /usr/bin/../lib/gcc/x86_64-linux-gnu/5.4.1]
  ignore line: [Found candidate GCC installation: /usr/bin/../lib/gcc/x86_64-linux-gnu/6.2.0]
  ignore line: [Found candidate GCC installation: /usr/lib/gcc/i686-linux-gnu/5.4.1]
  ignore line: [Found candidate GCC installation: /usr/lib/gcc/i686-linux-gnu/6.2.0]
  ignore line: [Found candidate GCC installation: /usr/lib/gcc/x86_64-linux-gnu/4.9]
  ignore line: [Found candidate GCC installation: /usr/lib/gcc/x86_64-linux-gnu/4.9.4]
  ignore line: [Found candidate GCC installation: /usr/lib/gcc/x86_64-linux-gnu/5.4.1]
  ignore line: [Found candidate GCC installation: /usr/lib/gcc/x86_64-linux-gnu/6.2.0]
  ignore line: [Selected GCC installation: /usr/bin/../lib/gcc/x86_64-linux-gnu/6.2.0]
  ignore line: [Candidate multilib: .]
  ignore line: [@m64]
  ignore line: [Candidate multilib: 32]
  ignore line: [@m32]
  ignore line: [Candidate multilib: x32]
  ignore line: [@mx32]
  ignore line: [Selected multilib: .]
  ignore line: [@m64]
  link line: [ "/usr/bin/ld" -export-dynamic -z relro --hash-style=gnu --build-id --eh-frame-hdr -m elf_x86_64 -dynamic-linker /lib64/ld-linux-x86-64.so.2 -o cmTC_ae8c8 /usr/bin/../lib/gcc/x86_64-linux-gnu/6.2.0/../../../x86_64-linux-gnu/crt1.o /usr/bin/../lib/gcc/x86_64-linux-gnu/6.2.0/../../../x86_64-linux-gnu/crti.o /usr/bin/../lib/gcc/x86_64-linux-gnu/6.2.0/crtbegin.o -L/usr/bin/../lib/gcc/x86_64-linux-gnu/6.2.0 -L/usr/bin/../lib/gcc/x86_64-linux-gnu/6.2.0/../../../x86_64-linux-gnu -L/usr/bin/../lib/gcc/x86_64-linux-gnu/6.2.0/../../../../lib64 -L/lib/x86_64-linux-gnu -L/lib/../lib64 -L/usr/lib/x86_64-linux-gnu -L/usr/lib/../lib64 -L/usr/lib/x86_64-linux-gnu/../../lib64 -L/usr/bin/../lib/gcc/x86_64-linux-gnu/6.2.0/../../.. -L/usr/lib/llvm-3.8/bin/../lib -L/lib -L/usr/lib CMakeFiles/cmTC_ae8c8.dir/CMakeCCompilerABI.c.o -lgcc --as-needed -lgcc_s --no-as-needed -lc -lgcc --as-needed -lgcc_s --no-as-needed /usr/bin/../lib/gcc/x86_64-linux-gnu/6.2.0/crtend.o /usr/bin/../lib/gcc/x86_64-linux-gnu/6.2.0/../../../x86_64-linux-gnu/crtn.o]
    arg [/usr/bin/ld] ==> ignore
    arg [-export-dynamic] ==> ignore
    arg [-zrelro] ==> ignore
    arg [--hash-style=gnu] ==> ignore
    arg [--build-id] ==> ignore
    arg [--eh-frame-hdr] ==> ignore
    arg [-m] ==> ignore
    arg [elf_x86_64] ==> ignore
    arg [-dynamic-linker] ==> ignore
    arg [/lib64/ld-linux-x86-64.so.2] ==> ignore
    arg [-o] ==> ignore
    arg [cmTC_ae8c8] ==> ignore
    arg [/usr/bin/../lib/gcc/x86_64-linux-gnu/6.2.0/../../../x86_64-linux-gnu/crt1.o] ==> ignore
    arg [/usr/bin/../lib/gcc/x86_64-linux-gnu/6.2.0/../../../x86_64-linux-gnu/crti.o] ==> ignore
    arg [/usr/bin/../lib/gcc/x86_64-linux-gnu/6.2.0/crtbegin.o] ==> ignore
    arg [-L/usr/bin/../lib/gcc/x86_64-linux-gnu/6.2.0] ==> dir [/usr/bin/../lib/gcc/x86_64-linux-gnu/6.2.0]
    arg [-L/usr/bin/../lib/gcc/x86_64-linux-gnu/6.2.0/../../../x86_64-linux-gnu] ==> dir [/usr/bin/../lib/gcc/x86_64-linux-gnu/6.2.0/../../../x86_64-linux-gnu]
    arg [-L/usr/bin/../lib/gcc/x86_64-linux-gnu/6.2.0/../../../../lib64] ==> dir [/usr/bin/../lib/gcc/x86_64-linux-gnu/6.2.0/../../../../lib64]
    arg [-L/lib/x86_64-linux-gnu] ==> dir [/lib/x86_64-linux-gnu]
    arg [-L/lib/../lib64] ==> dir [/lib/../lib64]
    arg [-L/usr/lib/x86_64-linux-gnu] ==> dir [/usr/lib/x86_64-linux-gnu]
    arg [-L/usr/lib/../lib64] ==> dir [/usr/lib/../lib64]
    arg [-L/usr/lib/x86_64-linux-gnu/../../lib64] ==> dir [/usr/lib/x86_64-linux-gnu/../../lib64]
    arg [-L/usr/bin/../lib/gcc/x86_64-linux-gnu/6.2.0/../../..] ==> dir [/usr/bin/../lib/gcc/x86_64-linux-gnu/6.2.0/../../..]
    arg [-L/usr/lib/llvm-3.8/bin/../lib] ==> dir [/usr/lib/llvm-3.8/bin/../lib]
    arg [-L/lib] ==> dir [/lib]
    arg [-L/usr/lib] ==> dir [/usr/lib]
    arg [CMakeFiles/cmTC_ae8c8.dir/CMakeCCompilerABI.c.o] ==> ignore
    arg [-lgcc] ==> lib [gcc]
    arg [--as-needed] ==> ignore
    arg [-lgcc_s] ==> lib [gcc_s]
    arg [--no-as-needed] ==> ignore
    arg [-lc] ==> lib [c]
    arg [-lgcc] ==> lib [gcc]
    arg [--as-needed] ==> ignore
    arg [-lgcc_s] ==> lib [gcc_s]
    arg [--no-as-needed] ==> ignore
    arg [/usr/bin/../lib/gcc/x86_64-linux-gnu/6.2.0/crtend.o] ==> ignore
    arg [/usr/bin/../lib/gcc/x86_64-linux-gnu/6.2.0/../../../x86_64-linux-gnu/crtn.o] ==> ignore
  remove lib [gcc]
  remove lib [gcc_s]
  remove lib [gcc]
  remove lib [gcc_s]
  collapse library dir [/usr/bin/../lib/gcc/x86_64-linux-gnu/6.2.0] ==> [/usr/lib/gcc/x86_64-linux-gnu/6.2.0]
  collapse library dir [/usr/bin/../lib/gcc/x86_64-linux-gnu/6.2.0/../../../x86_64-linux-gnu] ==> [/usr/lib/x86_64-linux-gnu]
  collapse library dir [/usr/bin/../lib/gcc/x86_64-linux-gnu/6.2.0/../../../../lib64] ==> [/usr/lib64]
  collapse library dir [/lib/x86_64-linux-gnu] ==> [/lib/x86_64-linux-gnu]
  collapse library dir [/lib/../lib64] ==> [/lib64]
  collapse library dir [/usr/lib/x86_64-linux-gnu] ==> [/usr/lib/x86_64-linux-gnu]
  collapse library dir [/usr/lib/../lib64] ==> [/usr/lib64]
  collapse library dir [/usr/lib/x86_64-linux-gnu/../../lib64] ==> [/usr/lib64]
  collapse library dir [/usr/bin/../lib/gcc/x86_64-linux-gnu/6.2.0/../../..] ==> [/usr/lib]
  collapse library dir [/usr/lib/llvm-3.8/bin/../lib] ==> [/usr/lib/llvm-3.8/lib]
  collapse library dir [/lib] ==> [/lib]
  collapse library dir [/usr/lib] ==> [/usr/lib]
  implicit libs: [c]
  implicit dirs: [/usr/lib/gcc/x86_64-linux-gnu/6.2.0;/usr/lib/x86_64-linux-gnu;/usr/lib64;/lib/x86_64-linux-gnu;/lib64;/usr/lib;/usr/lib/llvm-3.8/lib;/lib]
  implicit fwks: []




Detecting C [-std=c11] compiler features compiled with the following output:
Change Dir: /home/jason/repos/lib-git/CMakeFiles/CMakeTmp

Run Build Command:"/usr/bin/make" "cmTC_f2d37/fast"
make[1]: Entering directory '/home/jason/Code/Repositories/lib-git/CMakeFiles/CMakeTmp'
/usr/bin/make -f CMakeFiles/cmTC_f2d37.dir/build.make CMakeFiles/cmTC_f2d37.dir/build
make[2]: Entering directory '/home/jason/Code/Repositories/lib-git/CMakeFiles/CMakeTmp'
Building C object CMakeFiles/cmTC_f2d37.dir/feature_tests.c.o
/usr/bin/cc    -std=c11 -o CMakeFiles/cmTC_f2d37.dir/feature_tests.c.o   -c /home/jason/repos/lib-git/CMakeFiles/feature_tests.c
Linking C executable cmTC_f2d37
/usr/bin/cmake -E cmake_link_script CMakeFiles/cmTC_f2d37.dir/link.txt --verbose=1
/usr/bin/cc       CMakeFiles/cmTC_f2d37.dir/feature_tests.c.o  -o cmTC_f2d37 -rdynamic 
make[2]: Leaving directory '/home/jason/Code/Repositories/lib-git/CMakeFiles/CMakeTmp'
make[1]: Leaving directory '/home/jason/Code/Repositories/lib-git/CMakeFiles/CMakeTmp'


    Feature record: C_FEATURE:1c_function_prototypes
    Feature record: C_FEATURE:1c_restrict
    Feature record: C_FEATURE:1c_static_assert
    Feature record: C_FEATURE:1c_variadic_macros


Detecting C [-std=c99] compiler features compiled with the following output:
Change Dir: /home/jason/repos/lib-git/CMakeFiles/CMakeTmp

Run Build Command:"/usr/bin/make" "cmTC_5a031/fast"
make[1]: Entering directory '/home/jason/Code/Repositories/lib-git/CMakeFiles/CMakeTmp'
/usr/bin/make -f CMakeFiles/cmTC_5a031.dir/build.make CMakeFiles/cmTC_5a031.dir/build
make[2]: Entering directory '/home/jason/Code/Repositories/lib-git/CMakeFiles/CMakeTmp'
Building C object CMakeFiles/cmTC_5a031.dir/feature_tests.c.o
/usr/bin/cc    -std=c99 -o CMakeFiles/cmTC_5a031.dir/feature_tests.c.o   -c /home/jason/repos/lib-git/CMakeFiles/feature_tests.c
Linking C executable cmTC_5a031
/usr/bin/cmake -E cmake_link_script CMakeFiles/cmTC_5a031.dir/link.txt --verbose=1
/usr/bin/cc       CMakeFiles/cmTC_5a031.dir/feature_tests.c.o  -o cmTC_5a031 -rdynamic 
make[2]: Leaving directory '/home/jason/Code/Repositories/lib-git/CMakeFiles/CMakeTmp'
make[1]: Leaving directory '/home/jason/Code/Repositories/lib-git/CMakeFiles/CMakeTmp'


    Feature record: C_FEATURE:1c_function_prototypes
    Feature record: C_FEATURE:1c_restrict
    Feature record: C_FEATURE:0c_static_assert
    Feature record: C_FEATURE:1c_variadic_macros


Detecting C [-std=c90] compiler features compiled with the following output:
Change Dir: /home/jason/repos/lib-git/CMakeFiles/CMakeTmp

Run Build Command:"/usr/bin/make" "cmTC_de6ec/fast"
make[1]: Entering directory '/home/jason/Code/Repositories/lib-git/CMakeFiles/CMakeTmp'
/usr/bin/make -f CMakeFiles/cmTC_de6ec.dir/build.make CMakeFiles/cmTC_de6ec.dir/build
make[2]: Entering directory '/home/jason/Code/Repositories/lib-git/CMakeFiles/CMakeTmp'
Building C object CMakeFiles/cmTC_de6ec.dir/feature_tests.c.o
/usr/bin/cc    -std=c90 -o CMakeFiles/cmTC_de6ec.dir/feature_tests.c.o   -c /home/jason/repos/lib-git/CMakeFiles/feature_tests.c
Linking C executable cmTC_de6ec
/usr/bin/cmake -E cmake_link_script CMakeFiles/cmTC_de6ec.dir/link.txt --verbose=1
/usr/bin/cc       CMakeFiles/cmTC_de6ec.dir/feature_tests.c.o  -o cmTC_de6ec -rdynamic 
make[2]: Leaving directory '/home/jason/Code/Repositories/lib-git/CMakeFiles/CMakeTmp'
make[1]: Leaving directory '/home/jason/Code/Repositories/lib-git/CMakeFiles/CMakeTmp'


    Feature record: C_FEATURE:1c_function_prototypes
    Feature record: C_FEATURE:0c_restrict
    Feature record: C_FEATURE:0c_static_assert
    Feature record: C_FEATURE:0c_variadic_macros
Determining if the CXX compiler works passed with the following output:
Change Dir: /home/jason/repos/lib-git/CMakeFiles/CMakeTmp

Run Build Command:"/usr/bin/make" "cmTC_f2480/fast"
make[1]: Entering directory '/home/jason/Code/Repositories/lib-git/CMakeFiles/CMakeTmp'
/usr/bin/make -f CMakeFiles/cmTC_f2480.dir/build.make CMakeFiles/cmTC_f2480.dir/build
make[2]: Entering directory '/home/jason/Code/Repositories/lib-git/CMakeFiles/CMakeTmp'
Building CXX object CMakeFiles/cmTC_f2480.dir/testCXXCompiler.cxx.o
/usr/bin/c++      -o CMakeFiles/cmTC_f2480.dir/testCXXCompiler.cxx.o -c /home/jason/repos/lib-git/CMakeFiles/CMakeTmp/testCXXCompiler.cxx
Linking CXX executable cmTC_f2480
/usr/bin/cmake -E cmake_link_script CMakeFiles/cmTC_f2480.dir/link.txt --verbose=1
/usr/bin/c++        CMakeFiles/cmTC_f2480.dir/testCXXCompiler.cxx.o  -o cmTC_f2480 -rdynamic 
make[2]: Leaving directory '/home/jason/Code/Repositories/lib-git/CMakeFiles/CMakeTmp'
make[1]: Leaving directory '/home/jason/Code/Repositories/lib-git/CMakeFiles/CMakeTmp'


Detecting CXX compiler ABI info compiled with the following output:
Change Dir: /home/jason/repos/lib-git/CMakeFiles/CMakeTmp

Run Build Command:"/usr/bin/make" "cmTC_07112/fast"
make[1]: Entering directory '/home/jason/Code/Repositories/lib-git/CMakeFiles/CMakeTmp'
/usr/bin/make -f CMakeFiles/cmTC_07112.dir/build.make CMakeFiles/cmTC_07112.dir/build
make[2]: Entering directory '/home/jason/Code/Repositories/lib-git/CMakeFiles/CMakeTmp'
Building CXX object CMakeFiles/cmTC_07112.dir/CMakeCXXCompilerABI.cpp.o
/usr/bin/c++      -o CMakeFiles/cmTC_07112.dir/CMakeCXXCompilerABI.cpp.o -c /usr/share/cmake-3.5/Modules/CMakeCXXCompilerABI.cpp
Linking CXX executable cmTC_07112
/usr/bin/cmake -E cmake_link_script CMakeFiles/cmTC_07112.dir/link.txt --verbose=1
/usr/bin/c++       -v CMakeFiles/cmTC_07112.dir/CMakeCXXCompilerABI.cpp.o  -o cmTC_07112 -rdynamic  
clang version 3.8.0-2ubuntu4 (tags/RELEASE_380/final)
Target: x86_64-pc-linux-gnu
Thread model: posix
InstalledDir: /usr/bin
Found candidate GCC installation: /usr/bin/../lib/gcc/i686-linux-gnu/5.4.1
Found candidate GCC installation: /usr/bin/../lib/gcc/i686-linux-gnu/6.2.0
Found candidate GCC installation: /usr/bin/../lib/gcc/x86_64-linux-gnu/4.9
Found candidate GCC installation: /usr/bin/../lib/gcc/x86_64-linux-gnu/4.9.4
Found candidate GCC installation: /usr/bin/../lib/gcc/x86_64-linux-gnu/5.4.1
Found candidate GCC installation: /usr/bin/../lib/gcc/x86_64-linux-gnu/6.2.0
Found candidate GCC installation: /usr/lib/gcc/i686-linux-gnu/5.4.1
Found candidate GCC installation: /usr/lib/gcc/i686-linux-gnu/6.2.0
Found candidate GCC installation: /usr/lib/gcc/x86_64-linux-gnu/4.9
Found candidate GCC installation: /usr/lib/gcc/x86_64-linux-gnu/4.9.4
Found candidate GCC installation: /usr/lib/gcc/x86_64-linux-gnu/5.4.1
Found candidate GCC installation: /usr/lib/gcc/x86_64-linux-gnu/6.2.0
Selected GCC installation: /usr/bin/../lib/gcc/x86_64-linux-gnu/6.2.0
Candidate multilib: .;@m64
Candidate multilib: 32;@m32
Candidate multilib: x32;@mx32
Selected multilib: .;@m64
 "/usr/bin/ld" -export-dynamic -z relro --hash-style=gnu --build-id --eh-frame-hdr -m elf_x86_64 -dynamic-linker /lib64/ld-linux-x86-64.so.2 -o cmTC_07112 /usr/bin/../lib/gcc/x86_64-linux-gnu/6.2.0/../../../x86_64-linux-gnu/crt1.o /usr/bin/../lib/gcc/x86_64-linux-gnu/6.2.0/../../../x86_64-linux-gnu/crti.o /usr/bin/../lib/gcc/x86_64-linux-gnu/6.2.0/crtbegin.o -L/usr/bin/../lib/gcc/x86_64-linux-gnu/6.2.0 -L/usr/bin/../lib/gcc/x86_64-linux-gnu/6.2.0/../../../x86_64-linux-gnu -L/usr/bin/../lib/gcc/x86_64-linux-gnu/6.2.0/../../../../lib64 -L/lib/x86_64-linux-gnu -L/lib/../lib64 -L/usr/lib/x86_64-linux-gnu -L/usr/lib/../lib64 -L/usr/lib/x86_64-linux-gnu/../../lib64 -L/usr/bin/../lib/gcc/x86_64-linux-gnu/6.2.0/../../.. -L/usr/lib/llvm-3.8/bin/../lib -L/lib -L/usr/lib CMakeFiles/cmTC_07112.dir/CMakeCXXCompilerABI.cpp.o -lstdc++ -lm -lgcc_s -lgcc -lc -lgcc_s -lgcc /usr/bin/../lib/gcc/x86_64-linux-gnu/6.2.0/crtend.o /usr/bin/../lib/gcc/x86_64-linux-gnu/6.2.0/../../../x86_64-linux-gnu/crtn.o
make[2]: Leaving directory '/home/jason/Code/Repositories/lib-git/CMakeFiles/CMakeTmp'
make[1]: Leaving directory '/home/jason/Code/Repositories/lib-git/CMakeFiles/CMakeTmp'


Parsed CXX implicit link information from above output:
  link line regex: [^( *|.*[/\])(ld|([^/\]+-)?ld|collect2)[^/\]*( |$)]
  ignore line: [Change Dir: /home/jason/repos/lib-git/CMakeFiles/CMakeTmp]
  ignore line: []
  ignore line: [Run Build Command:"/usr/bin/make" "cmTC_07112/fast"]
  ignore line: [make[1]: Entering directory '/home/jason/Code/Repositories/lib-git/CMakeFiles/CMakeTmp']
  ignore line: [/usr/bin/make -f CMakeFiles/cmTC_07112.dir/build.make CMakeFiles/cmTC_07112.dir/build]
  ignore line: [make[2]: Entering directory '/home/jason/Code/Repositories/lib-git/CMakeFiles/CMakeTmp']
  ignore line: [Building CXX object CMakeFiles/cmTC_07112.dir/CMakeCXXCompilerABI.cpp.o]
  ignore line: [/usr/bin/c++      -o CMakeFiles/cmTC_07112.dir/CMakeCXXCompilerABI.cpp.o -c /usr/share/cmake-3.5/Modules/CMakeCXXCompilerABI.cpp]
  ignore line: [Linking CXX executable cmTC_07112]
  ignore line: [/usr/bin/cmake -E cmake_link_script CMakeFiles/cmTC_07112.dir/link.txt --verbose=1]
  ignore line: [/usr/bin/c++       -v CMakeFiles/cmTC_07112.dir/CMakeCXXCompilerABI.cpp.o  -o cmTC_07112 -rdynamic  ]
  ignore line: [clang version 3.8.0-2ubuntu4 (tags/RELEASE_380/final)]
  ignore line: [Target: x86_64-pc-linux-gnu]
  ignore line: [Thread model: posix]
  ignore line: [InstalledDir: /usr/bin]
  ignore line: [Found candidate GCC installation: /usr/bin/../lib/gcc/i686-linux-gnu/5.4.1]
  ignore line: [Found candidate GCC installation: /usr/bin/../lib/gcc/i686-linux-gnu/6.2.0]
  ignore line: [Found candidate GCC installation: /usr/bin/../lib/gcc/x86_64-linux-gnu/4.9]
  ignore line: [Found candidate GCC installation: /usr/bin/../lib/gcc/x86_64-linux-gnu/4.9.4]
  ignore line: [Found candidate GCC installation: /usr/bin/../lib/gcc/x86_64-linux-gnu/5.4.1]
  ignore line: [Found candidate GCC installation: /usr/bin/../lib/gcc/x86_64-linux-gnu/6.2.0]
  ignore line: [Found candidate GCC installation: /usr/lib/gcc/i686-linux-gnu/5.4.1]
  ignore line: [Found candidate GCC installation: /usr/lib/gcc/i686-linux-gnu/6.2.0]
  ignore line: [Found candidate GCC installation: /usr/lib/gcc/x86_64-linux-gnu/4.9]
  ignore line: [Found candidate GCC installation: /usr/lib/gcc/x86_64-linux-gnu/4.9.4]
  ignore line: [Found candidate GCC installation: /usr/lib/gcc/x86_64-linux-gnu/5.4.1]
  ignore line: [Found candidate GCC installation: /usr/lib/gcc/x86_64-linux-gnu/6.2.0]
  ignore line: [Selected GCC installation: /usr/bin/../lib/gcc/x86_64-linux-gnu/6.2.0]
  ignore line: [Candidate multilib: .]
  ignore line: [@m64]
  ignore line: [Candidate multilib: 32]
  ignore line: [@m32]
  ignore line: [Candidate multilib: x32]
  ignore line: [@mx32]
  ignore line: [Selected multilib: .]
  ignore line: [@m64]
  link line: [ "/usr/bin/ld" -export-dynamic -z relro --hash-style=gnu --build-id --eh-frame-hdr -m elf_x86_64 -dynamic-linker /lib64/ld-linux-x86-64.so.2 -o cmTC_07112 /usr/bin/../lib/gcc/x86_64-linux-gnu/6.2.0/../../../x86_64-linux-gnu/crt1.o /usr/bin/../lib/gcc/x86_64-linux-gnu/6.2.0/../../../x86_64-linux-gnu/crti.o /usr/bin/../lib/gcc/x86_64-linux-gnu/6.2.0/crtbegin.o -L/usr/bin/../lib/gcc/x86_64-linux-gnu/6.2.0 -L/usr/bin/../lib/gcc/x86_64-linux-gnu/6.2.0/../../../x86_64-linux-gnu -L/usr/bin/../lib/gcc/x86_64-linux-gnu/6.2.0/../../../../lib64 -L/lib/x86_64-linux-gnu -L/lib/../lib64 -L/usr/lib/x86_64-linux-gnu -L/usr/lib/../lib64 -L/usr/lib/x86_64-linux-gnu/../../lib64 -L/usr/bin/../lib/gcc/x86_64-linux-gnu/6.2.0/../../.. -L/usr/lib/llvm-3.8/bin/../lib -L/lib -L/usr/lib CMakeFiles/cmTC_07112.dir/CMakeCXXCompilerABI.cpp.o -lstdc++ -lm -lgcc_s -lgcc -lc -lgcc_s -lgcc /usr/bin/../lib/gcc/x86_64-linux-gnu/6.2.0/crtend.o /usr/bin/../lib/gcc/x86_64-linux-gnu/6.2.0/../../../x86_64-linux-gnu/crtn.o]
    arg [/usr/bin/ld] ==> ignore
    arg [-export-dynamic] ==> ignore
    arg [-zrelro] ==> ignore
    arg [--hash-style=gnu] ==> ignore
    arg [--build-id] ==> ignore
    arg [--eh-frame-hdr] ==> ignore
    arg [-m] ==> ignore
    arg [elf_x86_64] ==> ignore
    arg [-dynamic-linker] ==> ignore
    arg [/lib64/ld-linux-x86-64.so.2] ==> ignore
    arg [-o] ==> ignore
    arg [cmTC_07112] ==> ignore
    arg [/usr/bin/../lib/gcc/x86_64-linux-gnu/6.2.0/../../../x86_64-linux-gnu/crt1.o] ==> ignore
    arg [/usr/bin/../lib/gcc/x86_64-linux-gnu/6.2.0/../../../x86_64-linux-gnu/crti.o] ==> ignore
    arg [/usr/bin/../lib/gcc/x86_64-linux-gnu/6.2.0/crtbegin.o] ==> ignore
    arg [-L/usr/bin/../lib/gcc/x86_64-linux-gnu/6.2.0] ==> dir [/usr/bin/../lib/gcc/x86_64-linux-gnu/6.2.0]
    arg [-L/usr/bin/../lib/gcc/x86_64-linux-gnu/6.2.0/../../../x86_64-linux-gnu] ==> dir [/usr/bin/../lib/gcc/x86_64-linux-gnu/6.2.0/../../../x86_64-linux-gnu]
    arg [-L/usr/bin/../lib/gcc/x86_64-linux-gnu/6.2.0/../../../../lib64] ==> dir [/usr/bin/../lib/gcc/x86_64-linux-gnu/6.2.0/../../../../lib64]
    arg [-L/lib/x86_64-linux-gnu] ==> dir [/lib/x86_64-linux-gnu]
    arg [-L/lib/../lib64] ==> dir [/lib/../lib64]
    arg [-L/usr/lib/x86_64-linux-gnu] ==> dir [/usr/lib/x86_64-linux-gnu]
    arg [-L/usr/lib/../lib64] ==> dir [/usr/lib/../lib64]
    arg [-L/usr/lib/x86_64-linux-gnu/../../lib64] ==> dir [/usr/lib/x86_64-linux-gnu/../../lib64]
    arg [-L/usr/bin/../lib/gcc/x86_64-linux-gnu/6.2.0/../../..] ==> dir [/usr/bin/../lib/gcc/x86_64-linux-gnu/6.2.0/../../..]
    arg [-L/usr/lib/llvm-3.8/bin/../lib] ==> dir [/usr/lib/llvm-3.8/bin/../lib]
    arg [-L/lib] ==> dir [/lib]
    arg [-L/usr/lib] ==> dir [/usr/lib]
    arg [CMakeFiles/cmTC_07112.dir/CMakeCXXCompilerABI.cpp.o] ==> ignore
    arg [-lstdc++] ==> lib [stdc++]
    arg [-lm] ==> lib [m]
    arg [-lgcc_s] ==> lib [gcc_s]
    arg [-lgcc] ==> lib [gcc]
    arg [-lc] ==> lib [c]
    arg [-lgcc_s] ==> lib [gcc_s]
    arg [-lgcc] ==> lib [gcc]
    arg [/usr/bin/../lib/gcc/x86_64-linux-gnu/6.2.0/crtend.o] ==> ignore
    arg [/usr/bin/../lib/gcc/x86_64-linux-gnu/6.2.0/../../../x86_64-linux-gnu/crtn.o] ==> ignore
  remove lib [gcc_s]
  remove lib [gcc]
  remove lib [gcc_s]
  remove lib [gcc]
  collapse library dir [/usr/bin/../lib/gcc/x86_64-linux-gnu/6.2.0] ==> [/usr/lib/gcc/x86_64-linux-gnu/6.2.0]
  collapse library dir [/usr/bin/../lib/gcc/x86_64-linux-gnu/6.2.0/../../../x86_64-linux-gnu] ==> [/usr/lib/x86_64-linux-gnu]
  collapse library dir [/usr/bin/../lib/gcc/x86_64-linux-gnu/6.2.0/../../../../lib64] ==> [/usr/lib64]
  collapse library dir [/lib/x86_64-linux-gnu] ==> [/lib/x86_64-linux-gnu]
  collapse library dir [/lib/../lib64] ==> [/lib64]
  collapse library dir [/usr/lib/x86_64-linux-gnu] ==> [/usr/lib/x86_64-linux-gnu]
  collapse library dir [/usr/lib/../lib64] ==> [/usr/lib64]
  collapse library dir [/usr/lib/x86_64-linux-gnu/../../lib64] ==> [/usr/lib64]
  collapse library dir [/usr/bin/../lib/gcc/x86_64-linux-gnu/6.2.0/../../..] ==> [/usr/lib]
  collapse library dir [/usr/lib/llvm-3.8/bin/../lib] ==> [/usr/lib/llvm-3.8/lib]
  collapse library dir [/lib] ==> [/lib]
  collapse library dir [/usr/lib] ==> [/usr/lib]
  implicit libs: [stdc++;m;c]
  implicit dirs: [/usr/lib/gcc/x86_64-linux-gnu/6.2.0;/usr/lib/x86_64-linux-gnu;/usr/lib64;/lib/x86_64-linux-gnu;/lib64;/usr/lib;/usr/lib/llvm-3.8/lib;/lib]
  implicit fwks: []




Detecting CXX [-std=c++14] compiler features compiled with the following output:
Change Dir: /home/jason/repos/lib-git/CMakeFiles/CMakeTmp

Run Build Command:"/usr/bin/make" "cmTC_66852/fast"
make[1]: Entering directory '/home/jason/Code/Repositories/lib-git/CMakeFiles/CMakeTmp'
/usr/bin/make -f CMakeFiles/cmTC_66852.dir/build.make CMakeFiles/cmTC_66852.dir/build
make[2]: Entering directory '/home/jason/Code/Repositories/lib-git/CMakeFiles/CMakeTmp'
Building CXX object CMakeFiles/cmTC_66852.dir/feature_tests.cxx.o
/usr/bin/c++     -std=c++14 -o CMakeFiles/cmTC_66852.dir/feature_tests.cxx.o -c /home/jason/repos/lib-git/CMakeFiles/feature_tests.cxx
Linking CXX executable cmTC_66852
/usr/bin/cmake -E cmake_link_script CMakeFiles/cmTC_66852.dir/link.txt --verbose=1
/usr/bin/c++        CMakeFiles/cmTC_66852.dir/feature_tests.cxx.o  -o cmTC_66852 -rdynamic 
make[2]: Leaving directory '/home/jason/Code/Repositories/lib-git/CMakeFiles/CMakeTmp'
make[1]: Leaving directory '/home/jason/Code/Repositories/lib-git/CMakeFiles/CMakeTmp'


    Feature record: CXX_FEATURE:1cxx_aggregate_default_initializers
    Feature record: CXX_FEATURE:1cxx_alias_templates
    Feature record: CXX_FEATURE:1cxx_alignas
    Feature record: CXX_FEATURE:1cxx_alignof
    Feature record: CXX_FEATURE:1cxx_attributes
    Feature record: CXX_FEATURE:1cxx_attribute_deprecated
    Feature record: CXX_FEATURE:1cxx_auto_type
    Feature record: CXX_FEATURE:1cxx_binary_literals
    Feature record: CXX_FEATURE:1cxx_constexpr
    Feature record: CXX_FEATURE:1cxx_contextual_conversions
    Feature record: CXX_FEATURE:1cxx_decltype
    Feature record: CXX_FEATURE:1cxx_decltype_auto
    Feature record: CXX_FEATURE:1cxx_decltype_incomplete_return_types
    Feature record: CXX_FEATURE:1cxx_default_function_template_args
    Feature record: CXX_FEATURE:1cxx_defaulted_functions
    Feature record: CXX_FEATURE:1cxx_defaulted_move_initializers
    Feature record: CXX_FEATURE:1cxx_delegating_constructors
    Feature record: CXX_FEATURE:1cxx_deleted_functions
    Feature record: CXX_FEATURE:1cxx_digit_separators
    Feature record: CXX_FEATURE:1cxx_enum_forward_declarations
    Feature record: CXX_FEATURE:1cxx_explicit_conversions
    Feature record: CXX_FEATURE:1cxx_extended_friend_declarations
    Feature record: CXX_FEATURE:1cxx_extern_templates
    Feature record: CXX_FEATURE:1cxx_final
    Feature record: CXX_FEATURE:1cxx_func_identifier
    Feature record: CXX_FEATURE:1cxx_generalized_initializers
    Feature record: CXX_FEATURE:1cxx_generic_lambdas
    Feature record: CXX_FEATURE:1cxx_inheriting_constructors
    Feature record: CXX_FEATURE:1cxx_inline_namespaces
    Feature record: CXX_FEATURE:1cxx_lambdas
    Feature record: CXX_FEATURE:1cxx_lambda_init_captures
    Feature record: CXX_FEATURE:1cxx_local_type_template_args
    Feature record: CXX_FEATURE:1cxx_long_long_type
    Feature record: CXX_FEATURE:1cxx_noexcept
    Feature record: CXX_FEATURE:1cxx_nonstatic_member_init
    Feature record: CXX_FEATURE:1cxx_nullptr
    Feature record: CXX_FEATURE:1cxx_override
    Feature record: CXX_FEATURE:1cxx_range_for
    Feature record: CXX_FEATURE:1cxx_raw_string_literals
    Feature record: CXX_FEATURE:1cxx_reference_qualified_functions
    Feature record: CXX_FEATURE:1cxx_relaxed_constexpr
    Feature record: CXX_FEATURE:1cxx_return_type_deduction
    Feature record: CXX_FEATURE:1cxx_right_angle_brackets
    Feature record: CXX_FEATURE:1cxx_rvalue_references
    Feature record: CXX_FEATURE:1cxx_sizeof_member
    Feature record: CXX_FEATURE:1cxx_static_assert
    Feature record: CXX_FEATURE:1cxx_strong_enums
    Feature record: CXX_FEATURE:1cxx_template_template_parameters
    Feature record: CXX_FEATURE:1cxx_thread_local
    Feature record: CXX_FEATURE:1cxx_trailing_return_types
    Feature record: CXX_FEATURE:1cxx_unicode_literals
    Feature record: CXX_FEATURE:1cxx_uniform_initialization
    Feature record: CXX_FEATURE:1cxx_unrestricted_unions
    Feature record: CXX_FEATURE:1cxx_user_literals
    Feature record: CXX_FEATURE:1cxx_variable_templates
    Feature record: CXX_FEATURE:1cxx_variadic_macros
    Feature record: CXX_FEATURE:1cxx_variadic_templates


Detecting CXX [-std=c++11] compiler features compiled with the following output:
Change Dir: /home/jason/repos/lib-git/CMakeFiles/CMakeTmp

Run Build Command:"/usr/bin/make" "cmTC_1815e/fast"
make[1]: Entering directory '/home/jason/Code/Repositories/lib-git/CMakeFiles/CMakeTmp'
/usr/bin/make -f CMakeFiles/cmTC_1815e.dir/build.make CMakeFiles/cmTC_1815e.dir/build
make[2]: Entering directory '/home/jason/Code/Repositories/lib-git/CMakeFiles/CMakeTmp'
Building CXX object CMakeFiles/cmTC_1815e.dir/feature_tests.cxx.o
/usr/bin/c++     -std=c++11 -o CMakeFiles/cmTC_1815e.dir/feature_tests.cxx.o -c /home/jason/repos/lib-git/CMakeFiles/feature_tests.cxx
Linking CXX executable cmTC_1815e
/usr/bin/cmake -E cmake_link_script CMakeFiles/cmTC_1815e.dir/link.txt --verbose=1
/usr/bin/c++        CMakeFiles/cmTC_1815e.dir/feature_tests.cxx.o  -o cmTC_1815e -rdynamic 
make[2]: Leaving directory '/home/jason/Code/Repositories/lib-git/CMakeFiles/CMakeTmp'
make[1]: Leaving directory '/home/jason/Code/Repositories/lib-git/CMakeFiles/CMakeTmp'


    Feature record: CXX_FEATURE:0cxx_aggregate_default_initializers
    Feature record: CXX_FEATURE:1cxx_alias_templates
    Feature record: CXX_FEATURE:1cxx_alignas
    Feature record: CXX_FEATURE:1cxx_alignof
    Feature record: CXX_FEATURE:1cxx_attributes
    Feature record: CXX_FEATURE:0cxx_attribute_deprecated
    Feature record: CXX_FEATURE:1cxx_auto_type
    Feature record: CXX_FEATURE:0cxx_binary_literals
    Feature record: CXX_FEATURE:1cxx_constexpr
    Feature record: CXX_FEATURE:0cxx_contextual_conversions
    Feature record: CXX_FEATURE:1cxx_decltype
    Feature record: CXX_FEATURE:0cxx_decltype_auto
    Feature record: CXX_FEATURE:1cxx_decltype_incomplete_return_types
    Feature record: CXX_FEATURE:1cxx_default_function_template_args
    Feature record: CXX_FEATURE:1cxx_defaulted_functions
    Feature record: CXX_FEATURE:1cxx_defaulted_move_initializers
    Feature record: CXX_FEATURE:1cxx_delegating_constructors
    Feature record: CXX_FEATURE:1cxx_deleted_functions
    Feature record: CXX_FEATURE:0cxx_digit_separators
    Feature record: CXX_FEATURE:1cxx_enum_forward_declarations
    Feature record: CXX_FEATURE:1cxx_explicit_conversions
    Feature record: CXX_FEATURE:1cxx_extended_friend_declarations
    Feature record: CXX_FEATURE:1cxx_extern_templates
    Feature record: CXX_FEATURE:1cxx_final
    Feature record: CXX_FEATURE:1cxx_func_identifier
    Feature record: CXX_FEATURE:1cxx_generalized_initializers
    Feature record: CXX_FEATURE:0cxx_generic_lambdas
    Feature record: CXX_FEATURE:1cxx_inheriting_constructors
    Feature record: CXX_FEATURE:1cxx_inline_namespaces
    Feature record: CXX_FEATURE:1cxx_lambdas
    Feature record: CXX_FEATURE:0cxx_lambda_init_captures
    Feature record: CXX_FEATURE:1cxx_local_type_template_args
    Feature record: CXX_FEATURE:1cxx_long_long_type
    Feature record: CXX_FEATURE:1cxx_noexcept
    Feature record: CXX_FEATURE:1cxx_nonstatic_member_init
    Feature record: CXX_FEATURE:1cxx_nullptr
    Feature record: CXX_FEATURE:1cxx_override
    Feature record: CXX_FEATURE:1cxx_range_for
    Feature record: CXX_FEATURE:1cxx_raw_string_literals
    Feature record: CXX_FEATURE:1cxx_reference_qualified_functions
    Feature record: CXX_FEATURE:0cxx_relaxed_constexpr
    Feature record: CXX_FEATURE:0cxx_return_type_deduction
    Feature record: CXX_FEATURE:1cxx_right_angle_brackets
    Feature record: CXX_FEATURE:1cxx_rvalue_references
    Feature record: CXX_FEATURE:1cxx_sizeof_member
    Feature record: CXX_FEATURE:1cxx_static_assert
    Feature record: CXX_FEATURE:1cxx_strong_enums
    Feature record: CXX_FEATURE:1cxx_template_template_parameters
    Feature record: CXX_FEATURE:1cxx_thread_local
    Feature record: CXX_FEATURE:1cxx_trailing_return_types
    Feature record: CXX_FEATURE:1cxx_unicode_literals
    Feature record: CXX_FEATURE:1cxx_uniform_initialization
    Feature record: CXX_FEATURE:1cxx_unrestricted_unions
    Feature record: CXX_FEATURE:1cxx_user_literals
    Feature record: CXX_FEATURE:0cxx_variable_templates
    Feature record: CXX_FEATURE:1cxx_variadic_macros
    Feature record: CXX_FEATURE:1cxx_variadic_templates


Detecting CXX [-std=c++98] compiler features compiled with the following output:
Change Dir: /home/jason/repos/lib-git/CMakeFiles/CMakeTmp

Run Build Command:"/usr/bin/make" "cmTC_360ce/fast"
make[1]: Entering directory '/home/jason/Code/Repositories/lib-git/CMakeFiles/CMakeTmp'
/usr/bin/make -f CMakeFiles/cmTC_360ce.dir/build.make CMakeFiles/cmTC_360ce.dir/build
make[2]: Entering directory '/home/jason/Code/Repositories/lib-git/CMakeFiles/CMakeTmp'
Building CXX object CMakeFiles/cmTC_360ce.dir/feature_tests.cxx.o
/usr/bin/c++     -std=c++98 -o CMakeFiles/cmTC_360ce.dir/feature_tests.cxx.o -c /home/jason/repos/lib-git/CMakeFiles/feature_tests.cxx
Linking CXX executable cmTC_360ce
/usr/bin/cmake -E cmake_link_script CMakeFiles/cmTC_360ce.dir/link.txt --verbose=1
/usr/bin/c++        CMakeFiles/cmTC_360ce.dir/feature_tests.cxx.o  -o cmTC_360ce -rdynamic 
make[2]: Leaving directory '/home/jason/Code/Repositories/lib-git/CMakeFiles/CMakeTmp'
make[1]: Leaving directory '/home/jason/Code/Repositories/lib-git/CMakeFiles/CMakeTmp'


    Feature record: CXX_FEATURE:0cxx_aggregate_default_initializers
    Feature record: CXX_FEATURE:0cxx_alias_templates
    Feature record: CXX_FEATURE:0cxx_alignas
    Feature record: CXX_FEATURE:0cxx_alignof
    Feature record: CXX_FEATURE:0cxx_attributes
    Feature record: CXX_FEATURE:0cxx_attribute_deprecated
    Feature record: CXX_FEATURE:0cxx_auto_type
    Feature record: CXX_FEATURE:0cxx_binary_literals
    Feature record: CXX_FEATURE:0cxx_constexpr
    Feature record: CXX_FEATURE:0cxx_contextual_conversions
    Feature record: CXX_FEATURE:0cxx_decltype
    Feature record: CXX_FEATURE:0cxx_decltype_auto
    Feature record: CXX_FEATURE:0cxx_decltype_incomplete_return_types
    Feature record: CXX_FEATURE:0cxx_default_function_template_args
    Feature record: CXX_FEATURE:0cxx_defaulted_functions
    Feature record: CXX_FEATURE:0cxx_defaulted_move_initializers
    Feature record: CXX_FEATURE:0cxx_delegating_constructors
    Feature record: CXX_FEATURE:0cxx_deleted_functions
    Feature record: CXX_FEATURE:0cxx_digit_separators
    Feature record: CXX_FEATURE:0cxx_enum_forward_declarations
    Feature record: CXX_FEATURE:0cxx_explicit_conversions
    Feature record: CXX_FEATURE:0cxx_extended_friend_declarations
    Feature record: CXX_FEATURE:0cxx_extern_templates
    Feature record: CXX_FEATURE:0cxx_final
    Feature record: CXX_FEATURE:0cxx_func_identifier
    Feature record: CXX_FEATURE:0cxx_generalized_initializers
    Feature record: CXX_FEATURE:0cxx_generic_lambdas
    Feature record: CXX_FEATURE:0cxx_inheriting_constructors
    Feature record: CXX_FEATURE:0cxx_inline_namespaces
    Feature record: CXX_FEATURE:0cxx_lambdas
    Feature record: CXX_FEATURE:0cxx_lambda_init_captures
    Feature record: CXX_FEATURE:0cxx_local_type_template_args
    Feature record: CXX_FEATURE:0cxx_long_long_type
    Feature record: CXX_FEATURE:0cxx_noexcept
    Feature record: CXX_FEATURE:0cxx_nonstatic_member_init
    Feature record: CXX_FEATURE:0cxx_nullptr
    Feature record: CXX_FEATURE:0cxx_override
    Feature record: CXX_FEATURE:0cxx_range_for
    Feature record: CXX_FEATURE:0cxx_raw_string_literals
    Feature record: CXX_FEATURE:0cxx_reference_qualified_functions
    Feature record: CXX_FEATURE:0cxx_relaxed_constexpr
    Feature record: CXX_FEATURE:0cxx_return_type_deduction
    Feature record: CXX_FEATURE:0cxx_right_angle_brackets
    Feature record: CXX_FEATURE:0cxx_rvalue_references
    Feature record: CXX_FEATURE:0cxx_sizeof_member
    Feature record: CXX_FEATURE:0cxx_static_assert
    Feature record: CXX_FEATURE:0cxx_strong_enums
    Feature record: CXX_FEATURE:1cxx_template_template_parameters
    Feature record: CXX_FEATURE:0cxx_thread_local
    Feature record: CXX_FEATURE:0cxx_trailing_return_types
    Feature record: CXX_FEATURE:0cxx_unicode_literals
    Feature record: CXX_FEATURE:0cxx_uniform_initialization
    Feature record: CXX_FEATURE:0cxx_unrestricted_unions
    Feature record: CXX_FEATURE:0cxx_user_literals
    Feature record: CXX_FEATURE:0cxx_variable_templates
    Feature record: CXX_FEATURE:0cxx_variadic_macros
    Feature record: CXX_FEATURE:0cxx_variadic_templates
Performing C++ SOURCE FILE Test standard_math_library_linked_to_automatically succeeded with the following output:
Change Dir: /home/jason/repos/lib-git/CMakeFiles/CMakeTmp

Run Build Command:"/usr/bin/make" "cmTC_bf562/fast"
make[1]: Entering directory '/home/jason/Code/Repositories/lib-git/CMakeFiles/CMakeTmp'
/usr/bin/make -f CMakeFiles/cmTC_bf562.dir/build.make CMakeFiles/cmTC_bf562.dir/build
make[2]: Entering directory '/home/jason/Code/Repositories/lib-git/CMakeFiles/CMakeTmp'
Building CXX object CMakeFiles/cmTC_bf562.dir/src.cxx.o
/usr/bin/c++     -Dstandard_math_library_linked_to_automatically   -o CMakeFiles/cmTC_bf562.dir/src.cxx.o -c /home/jason/repos/lib-git/CMakeFiles/CMakeTmp/src.cxx
Linking CXX executable cmTC_bf562
/usr/bin/cmake -E cmake_link_script CMakeFiles/cmTC_bf562.dir/link.txt --verbose=1
/usr/bin/c++    -Dstandard_math_library_linked_to_automatically    CMakeFiles/cmTC_bf562.dir/src.cxx.o  -o cmTC_bf562 -rdynamic 
make[2]: Leaving directory '/home/jason/Code/Repositories/lib-git/CMakeFiles/CMakeTmp'
make[1]: Leaving directory '/home/jason/Code/Repositories/lib-git/CMakeFiles/CMakeTmp'

Source file was:
#include<cmath>
int main() { std::sin(0.0); std::log(0.0f); }
Performing C++ SOURCE FILE Test COMPILER_SUPPORT_WERROR succeeded with the following output:
Change Dir: /home/jason/repos/lib-git/CMakeFiles/CMakeTmp

Run Build Command:"/usr/bin/make" "cmTC_e3f32/fast"
make[1]: Entering directory '/home/jason/Code/Repositories/lib-git/CMakeFiles/CMakeTmp'
/usr/bin/make -f CMakeFiles/cmTC_e3f32.dir/build.make CMakeFiles/cmTC_e3f32.dir/build
make[2]: Entering directory '/home/jason/Code/Repositories/lib-git/CMakeFiles/CMakeTmp'
Building CXX object CMakeFiles/cmTC_e3f32.dir/src.cxx.o
/usr/bin/c++     -DCOMPILER_SUPPORT_WERROR   -Werror -o CMakeFiles/cmTC_e3f32.dir/src.cxx.o -c /home/jason/repos/lib-git/CMakeFiles/CMakeTmp/src.cxx
Linking CXX executable cmTC_e3f32
/usr/bin/cmake -E cmake_link_script CMakeFiles/cmTC_e3f32.dir/link.txt --verbose=1
/usr/bin/c++    -DCOMPILER_SUPPORT_WERROR    CMakeFiles/cmTC_e3f32.dir/src.cxx.o  -o cmTC_e3f32 -rdynamic 
make[2]: Leaving directory '/home/jason/Code/Repositories/lib-git/CMakeFiles/CMakeTmp'
make[1]: Leaving directory '/home/jason/Code/Repositories/lib-git/CMakeFiles/CMakeTmp'

Source file was:
int main() { return 0; }
Performing C++ SOURCE FILE Test COMPILER_SUPPORT_pedantic succeeded with the following output:
Change Dir: /home/jason/repos/lib-git/CMakeFiles/CMakeTmp

Run Build Command:"/usr/bin/make" "cmTC_58c88/fast"
make[1]: Entering directory '/home/jason/Code/Repositories/lib-git/CMakeFiles/CMakeTmp'
/usr/bin/make -f CMakeFiles/cmTC_58c88.dir/build.make CMakeFiles/cmTC_58c88.dir/build
make[2]: Entering directory '/home/jason/Code/Repositories/lib-git/CMakeFiles/CMakeTmp'
Building CXX object CMakeFiles/cmTC_58c88.dir/src.cxx.o
/usr/bin/c++     -DCOMPILER_SUPPORT_pedantic -Werror   -pedantic -o CMakeFiles/cmTC_58c88.dir/src.cxx.o -c /home/jason/repos/lib-git/CMakeFiles/CMakeTmp/src.cxx
Linking CXX executable cmTC_58c88
/usr/bin/cmake -E cmake_link_script CMakeFiles/cmTC_58c88.dir/link.txt --verbose=1
/usr/bin/c++    -DCOMPILER_SUPPORT_pedantic -Werror    CMakeFiles/cmTC_58c88.dir/src.cxx.o  -o cmTC_58c88 -rdynamic 
make[2]: Leaving directory '/home/jason/Code/Repositories/lib-git/CMakeFiles/CMakeTmp'
make[1]: Leaving directory '/home/jason/Code/Repositories/lib-git/CMakeFiles/CMakeTmp'

Source file was:
int main() { return 0; }
Performing C++ SOURCE FILE Test COMPILER_SUPPORT_Wall succeeded with the following output:
Change Dir: /home/jason/repos/lib-git/CMakeFiles/CMakeTmp

Run Build Command:"/usr/bin/make" "cmTC_ac944/fast"
make[1]: Entering directory '/home/jason/Code/Repositories/lib-git/CMakeFiles/CMakeTmp'
/usr/bin/make -f CMakeFiles/cmTC_ac944.dir/build.make CMakeFiles/cmTC_ac944.dir/build
make[2]: Entering directory '/home/jason/Code/Repositories/lib-git/CMakeFiles/CMakeTmp'
Building CXX object CMakeFiles/cmTC_ac944.dir/src.cxx.o
/usr/bin/c++     -pedantic -DCOMPILER_SUPPORT_Wall -Werror   -Wall -o CMakeFiles/cmTC_ac944.dir/src.cxx.o -c /home/jason/repos/lib-git/CMakeFiles/CMakeTmp/src.cxx
Linking CXX executable cmTC_ac944
/usr/bin/cmake -E cmake_link_script CMakeFiles/cmTC_ac944.dir/link.txt --verbose=1
/usr/bin/c++    -pedantic -DCOMPILER_SUPPORT_Wall -Werror    CMakeFiles/cmTC_ac944.dir/src.cxx.o  -o cmTC_ac944 -rdynamic 
make[2]: Leaving directory '/home/jason/Code/Repositories/lib-git/CMakeFiles/CMakeTmp'
make[1]: Leaving directory '/home/jason/Code/Repositories/lib-git/CMakeFiles/CMakeTmp'

Source file was:
int main() { return 0; }
Performing C++ SOURCE FILE Test COMPILER_SUPPORT_Wextra succeeded with the following output:
Change Dir: /home/jason/repos/lib-git/CMakeFiles/CMakeTmp

Run Build Command:"/usr/bin/make" "cmTC_d38b7/fast"
make[1]: Entering directory '/home/jason/Code/Repositories/lib-git/CMakeFiles/CMakeTmp'
/usr/bin/make -f CMakeFiles/cmTC_d38b7.dir/build.make CMakeFiles/cmTC_d38b7.dir/build
make[2]: Entering directory '/home/jason/Code/Repositories/lib-git/CMakeFiles/CMakeTmp'
Building CXX object CMakeFiles/cmTC_d38b7.dir/src.cxx.o
/usr/bin/c++     -pedantic -Wall -DCOMPILER_SUPPORT_Wextra -Werror   -Wextra -o CMakeFiles/cmTC_d38b7.dir/src.cxx.o -c /home/jason/repos/lib-git/CMakeFiles/CMakeTmp/src.cxx
Linking CXX executable cmTC_d38b7
/usr/bin/cmake -E cmake_link_script CMakeFiles/cmTC_d38b7.dir/link.txt --verbose=1
/usr/bin/c++    -pedantic -Wall -DCOMPILER_SUPPORT_Wextra -Werror    CMakeFiles/cmTC_d38b7.dir/src.cxx.o  -o cmTC_d38b7 -rdynamic 
make[2]: Leaving directory '/home/jason/Code/Repositories/lib-git/CMakeFiles/CMakeTmp'
make[1]: Leaving directory '/home/jason/Code/Repositories/lib-git/CMakeFiles/CMakeTmp'

Source file was:
int main() { return 0; }
Performing C++ SOURCE FILE Test COMPILER_SUPPORT_Wundef succeeded with the following output:
Change Dir: /home/jason/repos/lib-git/CMakeFiles/CMakeTmp

Run Build Command:"/usr/bin/make" "cmTC_3b95e/fast"
make[1]: Entering directory '/home/jason/Code/Repositories/lib-git/CMakeFiles/CMakeTmp'
/usr/bin/make -f CMakeFiles/cmTC_3b95e.dir/build.make CMakeFiles/cmTC_3b95e.dir/build
make[2]: Entering directory '/home/jason/Code/Repositories/lib-git/CMakeFiles/CMakeTmp'
Building CXX object CMakeFiles/cmTC_3b95e.dir/src.cxx.o
/usr/bin/c++     -pedantic -Wall -Wextra -DCOMPILER_SUPPORT_Wundef -Werror   -Wundef -o CMakeFiles/cmTC_3b95e.dir/src.cxx.o -c /home/jason/repos/lib-git/CMakeFiles/CMakeTmp/src.cxx
Linking CXX executable cmTC_3b95e
/usr/bin/cmake -E cmake_link_script CMakeFiles/cmTC_3b95e.dir/link.txt --verbose=1
/usr/bin/c++    -pedantic -Wall -Wextra -DCOMPILER_SUPPORT_Wundef -Werror    CMakeFiles/cmTC_3b95e.dir/src.cxx.o  -o cmTC_3b95e -rdynamic 
make[2]: Leaving directory '/home/jason/Code/Repositories/lib-git/CMakeFiles/CMakeTmp'
make[1]: Leaving directory '/home/jason/Code/Repositories/lib-git/CMakeFiles/CMakeTmp'

Source file was:
int main() { return 0; }
Performing C++ SOURCE FILE Test COMPILER_SUPPORT_Wcastalign succeeded with the following output:
Change Dir: /home/jason/repos/lib-git/CMakeFiles/CMakeTmp

Run Build Command:"/usr/bin/make" "cmTC_15577/fast"
make[1]: Entering directory '/home/jason/Code/Repositories/lib-git/CMakeFiles/CMakeTmp'
/usr/bin/make -f CMakeFiles/cmTC_15577.dir/build.make CMakeFiles/cmTC_15577.dir/build
make[2]: Entering directory '/home/jason/Code/Repositories/lib-git/CMakeFiles/CMakeTmp'
Building CXX object CMakeFiles/cmTC_15577.dir/src.cxx.o
/usr/bin/c++     -pedantic -Wall -Wextra -Wundef -DCOMPILER_SUPPORT_Wcastalign -Werror   -Wcast-align -o CMakeFiles/cmTC_15577.dir/src.cxx.o -c /home/jason/repos/lib-git/CMakeFiles/CMakeTmp/src.cxx
Linking CXX executable cmTC_15577
/usr/bin/cmake -E cmake_link_script CMakeFiles/cmTC_15577.dir/link.txt --verbose=1
/usr/bin/c++    -pedantic -Wall -Wextra -Wundef -DCOMPILER_SUPPORT_Wcastalign -Werror    CMakeFiles/cmTC_15577.dir/src.cxx.o  -o cmTC_15577 -rdynamic 
make[2]: Leaving directory '/home/jason/Code/Repositories/lib-git/CMakeFiles/CMakeTmp'
make[1]: Leaving directory '/home/jason/Code/Repositories/lib-git/CMakeFiles/CMakeTmp'

Source file was:
int main() { return 0; }
Performing C++ SOURCE FILE Test COMPILER_SUPPORT_Wcharsubscripts succeeded with the following output:
Change Dir: /home/jason/repos/lib-git/CMakeFiles/CMakeTmp

Run Build Command:"/usr/bin/make" "cmTC_4f973/fast"
make[1]: Entering directory '/home/jason/Code/Repositories/lib-git/CMakeFiles/CMakeTmp'
/usr/bin/make -f CMakeFiles/cmTC_4f973.dir/build.make CMakeFiles/cmTC_4f973.dir/build
make[2]: Entering directory '/home/jason/Code/Repositories/lib-git/CMakeFiles/CMakeTmp'
Building CXX object CMakeFiles/cmTC_4f973.dir/src.cxx.o
/usr/bin/c++     -pedantic -Wall -Wextra -Wundef -Wcast-align -DCOMPILER_SUPPORT_Wcharsubscripts -Werror   -Wchar-subscripts -o CMakeFiles/cmTC_4f973.dir/src.cxx.o -c /home/jason/repos/lib-git/CMakeFiles/CMakeTmp/src.cxx
Linking CXX executable cmTC_4f973
/usr/bin/cmake -E cmake_link_script CMakeFiles/cmTC_4f973.dir/link.txt --verbose=1
/usr/bin/c++    -pedantic -Wall -Wextra -Wundef -Wcast-align -DCOMPILER_SUPPORT_Wcharsubscripts -Werror    CMakeFiles/cmTC_4f973.dir/src.cxx.o  -o cmTC_4f973 -rdynamic 
make[2]: Leaving directory '/home/jason/Code/Repositories/lib-git/CMakeFiles/CMakeTmp'
make[1]: Leaving directory '/home/jason/Code/Repositories/lib-git/CMakeFiles/CMakeTmp'

Source file was:
int main() { return 0; }
Performing C++ SOURCE FILE Test COMPILER_SUPPORT_Wnonvirtualdtor succeeded with the following output:
Change Dir: /home/jason/repos/lib-git/CMakeFiles/CMakeTmp

Run Build Command:"/usr/bin/make" "cmTC_241f7/fast"
make[1]: Entering directory '/home/jason/Code/Repositories/lib-git/CMakeFiles/CMakeTmp'
/usr/bin/make -f CMakeFiles/cmTC_241f7.dir/build.make CMakeFiles/cmTC_241f7.dir/build
make[2]: Entering directory '/home/jason/Code/Repositories/lib-git/CMakeFiles/CMakeTmp'
Building CXX object CMakeFiles/cmTC_241f7.dir/src.cxx.o
/usr/bin/c++     -pedantic -Wall -Wextra -Wundef -Wcast-align -Wchar-subscripts -DCOMPILER_SUPPORT_Wnonvirtualdtor -Werror   -Wnon-virtual-dtor -o CMakeFiles/cmTC_241f7.dir/src.cxx.o -c /home/jason/repos/lib-git/CMakeFiles/CMakeTmp/src.cxx
Linking CXX executable cmTC_241f7
/usr/bin/cmake -E cmake_link_script CMakeFiles/cmTC_241f7.dir/link.txt --verbose=1
/usr/bin/c++    -pedantic -Wall -Wextra -Wundef -Wcast-align -Wchar-subscripts -DCOMPILER_SUPPORT_Wnonvirtualdtor -Werror    CMakeFiles/cmTC_241f7.dir/src.cxx.o  -o cmTC_241f7 -rdynamic 
make[2]: Leaving directory '/home/jason/Code/Repositories/lib-git/CMakeFiles/CMakeTmp'
make[1]: Leaving directory '/home/jason/Code/Repositories/lib-git/CMakeFiles/CMakeTmp'

Source file was:
int main() { return 0; }
Performing C++ SOURCE FILE Test COMPILER_SUPPORT_Wunusedlocaltypedefs succeeded with the following output:
Change Dir: /home/jason/repos/lib-git/CMakeFiles/CMakeTmp

Run Build Command:"/usr/bin/make" "cmTC_b699b/fast"
make[1]: Entering directory '/home/jason/Code/Repositories/lib-git/CMakeFiles/CMakeTmp'
/usr/bin/make -f CMakeFiles/cmTC_b699b.dir/build.make CMakeFiles/cmTC_b699b.dir/build
make[2]: Entering directory '/home/jason/Code/Repositories/lib-git/CMakeFiles/CMakeTmp'
Building CXX object CMakeFiles/cmTC_b699b.dir/src.cxx.o
/usr/bin/c++     -pedantic -Wall -Wextra -Wundef -Wcast-align -Wchar-subscripts -Wnon-virtual-dtor -DCOMPILER_SUPPORT_Wunusedlocaltypedefs -Werror   -Wunused-local-typedefs -o CMakeFiles/cmTC_b699b.dir/src.cxx.o -c /home/jason/repos/lib-git/CMakeFiles/CMakeTmp/src.cxx
Linking CXX executable cmTC_b699b
/usr/bin/cmake -E cmake_link_script CMakeFiles/cmTC_b699b.dir/link.txt --verbose=1
/usr/bin/c++    -pedantic -Wall -Wextra -Wundef -Wcast-align -Wchar-subscripts -Wnon-virtual-dtor -DCOMPILER_SUPPORT_Wunusedlocaltypedefs -Werror    CMakeFiles/cmTC_b699b.dir/src.cxx.o  -o cmTC_b699b -rdynamic 
make[2]: Leaving directory '/home/jason/Code/Repositories/lib-git/CMakeFiles/CMakeTmp'
make[1]: Leaving directory '/home/jason/Code/Repositories/lib-git/CMakeFiles/CMakeTmp'

Source file was:
int main() { return 0; }
Performing C++ SOURCE FILE Test COMPILER_SUPPORT_Wpointerarith succeeded with the following output:
Change Dir: /home/jason/repos/lib-git/CMakeFiles/CMakeTmp

Run Build Command:"/usr/bin/make" "cmTC_dc0f3/fast"
make[1]: Entering directory '/home/jason/Code/Repositories/lib-git/CMakeFiles/CMakeTmp'
/usr/bin/make -f CMakeFiles/cmTC_dc0f3.dir/build.make CMakeFiles/cmTC_dc0f3.dir/build
make[2]: Entering directory '/home/jason/Code/Repositories/lib-git/CMakeFiles/CMakeTmp'
Building CXX object CMakeFiles/cmTC_dc0f3.dir/src.cxx.o
/usr/bin/c++     -pedantic -Wall -Wextra -Wundef -Wcast-align -Wchar-subscripts -Wnon-virtual-dtor -Wunused-local-typedefs -DCOMPILER_SUPPORT_Wpointerarith -Werror   -Wpointer-arith -o CMakeFiles/cmTC_dc0f3.dir/src.cxx.o -c /home/jason/repos/lib-git/CMakeFiles/CMakeTmp/src.cxx
Linking CXX executable cmTC_dc0f3
/usr/bin/cmake -E cmake_link_script CMakeFiles/cmTC_dc0f3.dir/link.txt --verbose=1
/usr/bin/c++    -pedantic -Wall -Wextra -Wundef -Wcast-align -Wchar-subscripts -Wnon-virtual-dtor -Wunused-local-typedefs -DCOMPILER_SUPPORT_Wpointerarith -Werror    CMakeFiles/cmTC_dc0f3.dir/src.cxx.o  -o cmTC_dc0f3 -rdynamic 
make[2]: Leaving directory '/home/jason/Code/Repositories/lib-git/CMakeFiles/CMakeTmp'
make[1]: Leaving directory '/home/jason/Code/Repositories/lib-git/CMakeFiles/CMakeTmp'

Source file was:
int main() { return 0; }
Performing C++ SOURCE FILE Test COMPILER_SUPPORT_Wwritestrings succeeded with the following output:
Change Dir: /home/jason/repos/lib-git/CMakeFiles/CMakeTmp

Run Build Command:"/usr/bin/make" "cmTC_73cb2/fast"
make[1]: Entering directory '/home/jason/Code/Repositories/lib-git/CMakeFiles/CMakeTmp'
/usr/bin/make -f CMakeFiles/cmTC_73cb2.dir/build.make CMakeFiles/cmTC_73cb2.dir/build
make[2]: Entering directory '/home/jason/Code/Repositories/lib-git/CMakeFiles/CMakeTmp'
Building CXX object CMakeFiles/cmTC_73cb2.dir/src.cxx.o
/usr/bin/c++     -pedantic -Wall -Wextra -Wundef -Wcast-align -Wchar-subscripts -Wnon-virtual-dtor -Wunused-local-typedefs -Wpointer-arith -DCOMPILER_SUPPORT_Wwritestrings -Werror   -Wwrite-strings -o CMakeFiles/cmTC_73cb2.dir/src.cxx.o -c /home/jason/repos/lib-git/CMakeFiles/CMakeTmp/src.cxx
Linking CXX executable cmTC_73cb2
/usr/bin/cmake -E cmake_link_script CMakeFiles/cmTC_73cb2.dir/link.txt --verbose=1
/usr/bin/c++    -pedantic -Wall -Wextra -Wundef -Wcast-align -Wchar-subscripts -Wnon-virtual-dtor -Wunused-local-typedefs -Wpointer-arith -DCOMPILER_SUPPORT_Wwritestrings -Werror    CMakeFiles/cmTC_73cb2.dir/src.cxx.o  -o cmTC_73cb2 -rdynamic 
make[2]: Leaving directory '/home/jason/Code/Repositories/lib-git/CMakeFiles/CMakeTmp'
make[1]: Leaving directory '/home/jason/Code/Repositories/lib-git/CMakeFiles/CMakeTmp'

Source file was:
int main() { return 0; }
Performing C++ SOURCE FILE Test COMPILER_SUPPORT_Wformatsecurity succeeded with the following output:
Change Dir: /home/jason/repos/lib-git/CMakeFiles/CMakeTmp

Run Build Command:"/usr/bin/make" "cmTC_2baeb/fast"
make[1]: Entering directory '/home/jason/Code/Repositories/lib-git/CMakeFiles/CMakeTmp'
/usr/bin/make -f CMakeFiles/cmTC_2baeb.dir/build.make CMakeFiles/cmTC_2baeb.dir/build
make[2]: Entering directory '/home/jason/Code/Repositories/lib-git/CMakeFiles/CMakeTmp'
Building CXX object CMakeFiles/cmTC_2baeb.dir/src.cxx.o
/usr/bin/c++     -pedantic -Wall -Wextra -Wundef -Wcast-align -Wchar-subscripts -Wnon-virtual-dtor -Wunused-local-typedefs -Wpointer-arith -Wwrite-strings -DCOMPILER_SUPPORT_Wformatsecurity -Werror   -Wformat-security -o CMakeFiles/cmTC_2baeb.dir/src.cxx.o -c /home/jason/repos/lib-git/CMakeFiles/CMakeTmp/src.cxx
Linking CXX executable cmTC_2baeb
/usr/bin/cmake -E cmake_link_script CMakeFiles/cmTC_2baeb.dir/link.txt --verbose=1
/usr/bin/c++    -pedantic -Wall -Wextra -Wundef -Wcast-align -Wchar-subscripts -Wnon-virtual-dtor -Wunused-local-typedefs -Wpointer-arith -Wwrite-strings -DCOMPILER_SUPPORT_Wformatsecurity -Werror    CMakeFiles/cmTC_2baeb.dir/src.cxx.o  -o cmTC_2baeb -rdynamic 
make[2]: Leaving directory '/home/jason/Code/Repositories/lib-git/CMakeFiles/CMakeTmp'
make[1]: Leaving directory '/home/jason/Code/Repositories/lib-git/CMakeFiles/CMakeTmp'

Source file was:
int main() { return 0; }
Performing C++ SOURCE FILE Test COMPILER_SUPPORT_Wshorten64to32 succeeded with the following output:
Change Dir: /home/jason/repos/lib-git/CMakeFiles/CMakeTmp

Run Build Command:"/usr/bin/make" "cmTC_624bd/fast"
make[1]: Entering directory '/home/jason/Code/Repositories/lib-git/CMakeFiles/CMakeTmp'
/usr/bin/make -f CMakeFiles/cmTC_624bd.dir/build.make CMakeFiles/cmTC_624bd.dir/build
make[2]: Entering directory '/home/jason/Code/Repositories/lib-git/CMakeFiles/CMakeTmp'
Building CXX object CMakeFiles/cmTC_624bd.dir/src.cxx.o
/usr/bin/c++     -pedantic -Wall -Wextra -Wundef -Wcast-align -Wchar-subscripts -Wnon-virtual-dtor -Wunused-local-typedefs -Wpointer-arith -Wwrite-strings -Wformat-security -DCOMPILER_SUPPORT_Wshorten64to32 -Werror   -Wshorten-64-to-32 -o CMakeFiles/cmTC_624bd.dir/src.cxx.o -c /home/jason/repos/lib-git/CMakeFiles/CMakeTmp/src.cxx
Linking CXX executable cmTC_624bd
/usr/bin/cmake -E cmake_link_script CMakeFiles/cmTC_624bd.dir/link.txt --verbose=1
/usr/bin/c++    -pedantic -Wall -Wextra -Wundef -Wcast-align -Wchar-subscripts -Wnon-virtual-dtor -Wunused-local-typedefs -Wpointer-arith -Wwrite-strings -Wformat-security -DCOMPILER_SUPPORT_Wshorten64to32 -Werror    CMakeFiles/cmTC_624bd.dir/src.cxx.o  -o cmTC_624bd -rdynamic 
make[2]: Leaving directory '/home/jason/Code/Repositories/lib-git/CMakeFiles/CMakeTmp'
make[1]: Leaving directory '/home/jason/Code/Repositories/lib-git/CMakeFiles/CMakeTmp'

Source file was:
int main() { return 0; }
Performing C++ SOURCE FILE Test COMPILER_SUPPORT_Wenumconversion succeeded with the following output:
Change Dir: /home/jason/repos/lib-git/CMakeFiles/CMakeTmp

Run Build Command:"/usr/bin/make" "cmTC_5b731/fast"
make[1]: Entering directory '/home/jason/Code/Repositories/lib-git/CMakeFiles/CMakeTmp'
/usr/bin/make -f CMakeFiles/cmTC_5b731.dir/build.make CMakeFiles/cmTC_5b731.dir/build
make[2]: Entering directory '/home/jason/Code/Repositories/lib-git/CMakeFiles/CMakeTmp'
Building CXX object CMakeFiles/cmTC_5b731.dir/src.cxx.o
/usr/bin/c++     -pedantic -Wall -Wextra -Wundef -Wcast-align -Wchar-subscripts -Wnon-virtual-dtor -Wunused-local-typedefs -Wpointer-arith -Wwrite-strings -Wformat-security -Wshorten-64-to-32 -DCOMPILER_SUPPORT_Wenumconversion -Werror   -Wenum-conversion -o CMakeFiles/cmTC_5b731.dir/src.cxx.o -c /home/jason/repos/lib-git/CMakeFiles/CMakeTmp/src.cxx
Linking CXX executable cmTC_5b731
/usr/bin/cmake -E cmake_link_script CMakeFiles/cmTC_5b731.dir/link.txt --verbose=1
/usr/bin/c++    -pedantic -Wall -Wextra -Wundef -Wcast-align -Wchar-subscripts -Wnon-virtual-dtor -Wunused-local-typedefs -Wpointer-arith -Wwrite-strings -Wformat-security -Wshorten-64-to-32 -DCOMPILER_SUPPORT_Wenumconversion -Werror    CMakeFiles/cmTC_5b731.dir/src.cxx.o  -o cmTC_5b731 -rdynamic 
make[2]: Leaving directory '/home/jason/Code/Repositories/lib-git/CMakeFiles/CMakeTmp'
make[1]: Leaving directory '/home/jason/Code/Repositories/lib-git/CMakeFiles/CMakeTmp'

Source file was:
int main() { return 0; }
Performing C++ SOURCE FILE Test COMPILER_SUPPORT_Wcpp11extensions succeeded with the following output:
Change Dir: /home/jason/repos/lib-git/CMakeFiles/CMakeTmp

Run Build Command:"/usr/bin/make" "cmTC_40e96/fast"
make[1]: Entering directory '/home/jason/Code/Repositories/lib-git/CMakeFiles/CMakeTmp'
/usr/bin/make -f CMakeFiles/cmTC_40e96.dir/build.make CMakeFiles/cmTC_40e96.dir/build
make[2]: Entering directory '/home/jason/Code/Repositories/lib-git/CMakeFiles/CMakeTmp'
Building CXX object CMakeFiles/cmTC_40e96.dir/src.cxx.o
/usr/bin/c++     -pedantic -Wall -Wextra -Wundef -Wcast-align -Wchar-subscripts -Wnon-virtual-dtor -Wunused-local-typedefs -Wpointer-arith -Wwrite-strings -Wformat-security -Wshorten-64-to-32 -Wenum-conversion -DCOMPILER_SUPPORT_Wcpp11extensions -Werror   -Wc++11-extensions -o CMakeFiles/cmTC_40e96.dir/src.cxx.o -c /home/jason/repos/lib-git/CMakeFiles/CMakeTmp/src.cxx
Linking CXX executable cmTC_40e96
/usr/bin/cmake -E cmake_link_script CMakeFiles/cmTC_40e96.dir/link.txt --verbose=1
/usr/bin/c++    -pedantic -Wall -Wextra -Wundef -Wcast-align -Wchar-subscripts -Wnon-virtual-dtor -Wunused-local-typedefs -Wpointer-arith -Wwrite-strings -Wformat-security -Wshorten-64-to-32 -Wenum-conversion -DCOMPILER_SUPPORT_Wcpp11extensions -Werror    CMakeFiles/cmTC_40e96.dir/src.cxx.o  -o cmTC_40e96 -rdynamic 
make[2]: Leaving directory '/home/jason/Code/Repositories/lib-git/CMakeFiles/CMakeTmp'
make[1]: Leaving directory '/home/jason/Code/Repositories/lib-git/CMakeFiles/CMakeTmp'

Source file was:
int main() { return 0; }
Performing C++ SOURCE FILE Test COMPILER_SUPPORT_Wdoublepromotion succeeded with the following output:
Change Dir: /home/jason/repos/lib-git/CMakeFiles/CMakeTmp

Run Build Command:"/usr/bin/make" "cmTC_238c1/fast"
make[1]: Entering directory '/home/jason/Code/Repositories/lib-git/CMakeFiles/CMakeTmp'
/usr/bin/make -f CMakeFiles/cmTC_238c1.dir/build.make CMakeFiles/cmTC_238c1.dir/build
make[2]: Entering directory '/home/jason/Code/Repositories/lib-git/CMakeFiles/CMakeTmp'
Building CXX object CMakeFiles/cmTC_238c1.dir/src.cxx.o
/usr/bin/c++     -pedantic -Wall -Wextra -Wundef -Wcast-align -Wchar-subscripts -Wnon-virtual-dtor -Wunused-local-typedefs -Wpointer-arith -Wwrite-strings -Wformat-security -Wshorten-64-to-32 -Wenum-conversion -Wc++11-extensions -DCOMPILER_SUPPORT_Wdoublepromotion -Werror   -Wdouble-promotion -o CMakeFiles/cmTC_238c1.dir/src.cxx.o -c /home/jason/repos/lib-git/CMakeFiles/CMakeTmp/src.cxx
Linking CXX executable cmTC_238c1
/usr/bin/cmake -E cmake_link_script CMakeFiles/cmTC_238c1.dir/link.txt --verbose=1
/usr/bin/c++    -pedantic -Wall -Wextra -Wundef -Wcast-align -Wchar-subscripts -Wnon-virtual-dtor -Wunused-local-typedefs -Wpointer-arith -Wwrite-strings -Wformat-security -Wshorten-64-to-32 -Wenum-conversion -Wc++11-extensions -DCOMPILER_SUPPORT_Wdoublepromotion -Werror    CMakeFiles/cmTC_238c1.dir/src.cxx.o  -o cmTC_238c1 -rdynamic 
make[2]: Leaving directory '/home/jason/Code/Repositories/lib-git/CMakeFiles/CMakeTmp'
make[1]: Leaving directory '/home/jason/Code/Repositories/lib-git/CMakeFiles/CMakeTmp'

Source file was:
int main() { return 0; }
Performing C++ SOURCE FILE Test COMPILER_SUPPORT_Wshadow succeeded with the following output:
Change Dir: /home/jason/repos/lib-git/CMakeFiles/CMakeTmp

Run Build Command:"/usr/bin/make" "cmTC_897d7/fast"
make[1]: Entering directory '/home/jason/Code/Repositories/lib-git/CMakeFiles/CMakeTmp'
/usr/bin/make -f CMakeFiles/cmTC_897d7.dir/build.make CMakeFiles/cmTC_897d7.dir/build
make[2]: Entering directory '/home/jason/Code/Repositories/lib-git/CMakeFiles/CMakeTmp'
Building CXX object CMakeFiles/cmTC_897d7.dir/src.cxx.o
/usr/bin/c++     -pedantic -Wall -Wextra -Wundef -Wcast-align -Wchar-subscripts -Wnon-virtual-dtor -Wunused-local-typedefs -Wpointer-arith -Wwrite-strings -Wformat-security -Wshorten-64-to-32 -Wenum-conversion -Wc++11-extensions -Wdouble-promotion -DCOMPILER_SUPPORT_Wshadow -Werror   -Wshadow -o CMakeFiles/cmTC_897d7.dir/src.cxx.o -c /home/jason/repos/lib-git/CMakeFiles/CMakeTmp/src.cxx
Linking CXX executable cmTC_897d7
/usr/bin/cmake -E cmake_link_script CMakeFiles/cmTC_897d7.dir/link.txt --verbose=1
/usr/bin/c++    -pedantic -Wall -Wextra -Wundef -Wcast-align -Wchar-subscripts -Wnon-virtual-dtor -Wunused-local-typedefs -Wpointer-arith -Wwrite-strings -Wformat-security -Wshorten-64-to-32 -Wenum-conversion -Wc++11-extensions -Wdouble-promotion -DCOMPILER_SUPPORT_Wshadow -Werror    CMakeFiles/cmTC_897d7.dir/src.cxx.o  -o cmTC_897d7 -rdynamic 
make[2]: Leaving directory '/home/jason/Code/Repositories/lib-git/CMakeFiles/CMakeTmp'
make[1]: Leaving directory '/home/jason/Code/Repositories/lib-git/CMakeFiles/CMakeTmp'

Source file was:
int main() { return 0; }
Performing C++ SOURCE FILE Test COMPILER_SUPPORT_Wnovariadicmacros succeeded with the following output:
Change Dir: /home/jason/repos/lib-git/CMakeFiles/CMakeTmp

Run Build Command:"/usr/bin/make" "cmTC_42364/fast"
make[1]: Entering directory '/home/jason/Code/Repositories/lib-git/CMakeFiles/CMakeTmp'
/usr/bin/make -f CMakeFiles/cmTC_42364.dir/build.make CMakeFiles/cmTC_42364.dir/build
make[2]: Entering directory '/home/jason/Code/Repositories/lib-git/CMakeFiles/CMakeTmp'
Building CXX object CMakeFiles/cmTC_42364.dir/src.cxx.o
/usr/bin/c++     -pedantic -Wall -Wextra -Wundef -Wcast-align -Wchar-subscripts -Wnon-virtual-dtor -Wunused-local-typedefs -Wpointer-arith -Wwrite-strings -Wformat-security -Wshorten-64-to-32 -Wenum-conversion -Wc++11-extensions -Wdouble-promotion -Wshadow -DCOMPILER_SUPPORT_Wnovariadicmacros -Werror   -Wno-variadic-macros -o CMakeFiles/cmTC_42364.dir/src.cxx.o -c /home/jason/repos/lib-git/CMakeFiles/CMakeTmp/src.cxx
Linking CXX executable cmTC_42364
/usr/bin/cmake -E cmake_link_script CMakeFiles/cmTC_42364.dir/link.txt --verbose=1
/usr/bin/c++    -pedantic -Wall -Wextra -Wundef -Wcast-align -Wchar-subscripts -Wnon-virtual-dtor -Wunused-local-typedefs -Wpointer-arith -Wwrite-strings -Wformat-security -Wshorten-64-to-32 -Wenum-conversion -Wc++11-extensions -Wdouble-promotion -Wshadow -DCOMPILER_SUPPORT_Wnovariadicmacros -Werror    CMakeFiles/cmTC_42364.dir/src.cxx.o  -o cmTC_42364 -rdynamic 
make[2]: Leaving directory '/home/jason/Code/Repositories/lib-git/CMakeFiles/CMakeTmp'
make[1]: Leaving directory '/home/jason/Code/Repositories/lib-git/CMakeFiles/CMakeTmp'

Source file was:
int main() { return 0; }
Performing C++ SOURCE FILE Test COMPILER_SUPPORT_Wnolonglong succeeded with the following output:
Change Dir: /home/jason/repos/lib-git/CMakeFiles/CMakeTmp

Run Build Command:"/usr/bin/make" "cmTC_812f2/fast"
make[1]: Entering directory '/home/jason/Code/Repositories/lib-git/CMakeFiles/CMakeTmp'
/usr/bin/make -f CMakeFiles/cmTC_812f2.dir/build.make CMakeFiles/cmTC_812f2.dir/build
make[2]: Entering directory '/home/jason/Code/Repositories/lib-git/CMakeFiles/CMakeTmp'
Building CXX object CMakeFiles/cmTC_812f2.dir/src.cxx.o
/usr/bin/c++     -pedantic -Wall -Wextra -Wundef -Wcast-align -Wchar-subscripts -Wnon-virtual-dtor -Wunused-local-typedefs -Wpointer-arith -Wwrite-strings -Wformat-security -Wshorten-64-to-32 -Wenum-conversion -Wc++11-extensions -Wdouble-promotion -Wshadow -Wno-variadic-macros -DCOMPILER_SUPPORT_Wnolonglong -Werror   -Wno-long-long -o CMakeFiles/cmTC_812f2.dir/src.cxx.o -c /home/jason/repos/lib-git/CMakeFiles/CMakeTmp/src.cxx
Linking CXX executable cmTC_812f2
/usr/bin/cmake -E cmake_link_script CMakeFiles/cmTC_812f2.dir/link.txt --verbose=1
/usr/bin/c++    -pedantic -Wall -Wextra -Wundef -Wcast-align -Wchar-subscripts -Wnon-virtual-dtor -Wunused-local-typedefs -Wpointer-arith -Wwrite-strings -Wformat-security -Wshorten-64-to-32 -Wenum-conversion -Wc++11-extensions -Wdouble-promotion -Wshadow -Wno-variadic-macros -DCOMPILER_SUPPORT_Wnolonglong -Werror    CMakeFiles/cmTC_812f2.dir/src.cxx.o  -o cmTC_812f2 -rdynamic 
make[2]: Leaving directory '/home/jason/Code/Repositories/lib-git/CMakeFiles/CMakeTmp'
make[1]: Leaving directory '/home/jason/Code/Repositories/lib-git/CMakeFiles/CMakeTmp'

Source file was:
int main() { return 0; }
Performing C++ SOURCE FILE Test COMPILER_SUPPORT_fnochecknew succeeded with the following output:
Change Dir: /home/jason/repos/lib-git/CMakeFiles/CMakeTmp

Run Build Command:"/usr/bin/make" "cmTC_ef7a1/fast"
make[1]: Entering directory '/home/jason/Code/Repositories/lib-git/CMakeFiles/CMakeTmp'
/usr/bin/make -f CMakeFiles/cmTC_ef7a1.dir/build.make CMakeFiles/cmTC_ef7a1.dir/build
make[2]: Entering directory '/home/jason/Code/Repositories/lib-git/CMakeFiles/CMakeTmp'
Building CXX object CMakeFiles/cmTC_ef7a1.dir/src.cxx.o
/usr/bin/c++     -pedantic -Wall -Wextra -Wundef -Wcast-align -Wchar-subscripts -Wnon-virtual-dtor -Wunused-local-typedefs -Wpointer-arith -Wwrite-strings -Wformat-security -Wshorten-64-to-32 -Wenum-conversion -Wc++11-extensions -Wdouble-promotion -Wshadow -Wno-variadic-macros -Wno-long-long -DCOMPILER_SUPPORT_fnochecknew -Werror   -fno-check-new -o CMakeFiles/cmTC_ef7a1.dir/src.cxx.o -c /home/jason/repos/lib-git/CMakeFiles/CMakeTmp/src.cxx
Linking CXX executable cmTC_ef7a1
/usr/bin/cmake -E cmake_link_script CMakeFiles/cmTC_ef7a1.dir/link.txt --verbose=1
/usr/bin/c++    -pedantic -Wall -Wextra -Wundef -Wcast-align -Wchar-subscripts -Wnon-virtual-dtor -Wunused-local-typedefs -Wpointer-arith -Wwrite-strings -Wformat-security -Wshorten-64-to-32 -Wenum-conversion -Wc++11-extensions -Wdouble-promotion -Wshadow -Wno-variadic-macros -Wno-long-long -DCOMPILER_SUPPORT_fnochecknew -Werror    CMakeFiles/cmTC_ef7a1.dir/src.cxx.o  -o cmTC_ef7a1 -rdynamic 
make[2]: Leaving directory '/home/jason/Code/Repositories/lib-git/CMakeFiles/CMakeTmp'
make[1]: Leaving directory '/home/jason/Code/Repositories/lib-git/CMakeFiles/CMakeTmp'

Source file was:
int main() { return 0; }
Performing C++ SOURCE FILE Test COMPILER_SUPPORT_fnocommon succeeded with the following output:
Change Dir: /home/jason/repos/lib-git/CMakeFiles/CMakeTmp

Run Build Command:"/usr/bin/make" "cmTC_bab6f/fast"
make[1]: Entering directory '/home/jason/Code/Repositories/lib-git/CMakeFiles/CMakeTmp'
/usr/bin/make -f CMakeFiles/cmTC_bab6f.dir/build.make CMakeFiles/cmTC_bab6f.dir/build
make[2]: Entering directory '/home/jason/Code/Repositories/lib-git/CMakeFiles/CMakeTmp'
Building CXX object CMakeFiles/cmTC_bab6f.dir/src.cxx.o
/usr/bin/c++     -pedantic -Wall -Wextra -Wundef -Wcast-align -Wchar-subscripts -Wnon-virtual-dtor -Wunused-local-typedefs -Wpointer-arith -Wwrite-strings -Wformat-security -Wshorten-64-to-32 -Wenum-conversion -Wc++11-extensions -Wdouble-promotion -Wshadow -Wno-variadic-macros -Wno-long-long -fno-check-new -DCOMPILER_SUPPORT_fnocommon -Werror   -fno-common -o CMakeFiles/cmTC_bab6f.dir/src.cxx.o -c /home/jason/repos/lib-git/CMakeFiles/CMakeTmp/src.cxx
Linking CXX executable cmTC_bab6f
/usr/bin/cmake -E cmake_link_script CMakeFiles/cmTC_bab6f.dir/link.txt --verbose=1
/usr/bin/c++    -pedantic -Wall -Wextra -Wundef -Wcast-align -Wchar-subscripts -Wnon-virtual-dtor -Wunused-local-typedefs -Wpointer-arith -Wwrite-strings -Wformat-security -Wshorten-64-to-32 -Wenum-conversion -Wc++11-extensions -Wdouble-promotion -Wshadow -Wno-variadic-macros -Wno-long-long -fno-check-new -DCOMPILER_SUPPORT_fnocommon -Werror    CMakeFiles/cmTC_bab6f.dir/src.cxx.o  -o cmTC_bab6f -rdynamic 
make[2]: Leaving directory '/home/jason/Code/Repositories/lib-git/CMakeFiles/CMakeTmp'
make[1]: Leaving directory '/home/jason/Code/Repositories/lib-git/CMakeFiles/CMakeTmp'

Source file was:
int main() { return 0; }
Performing C++ SOURCE FILE Test COMPILER_SUPPORT_fstrictaliasing succeeded with the following output:
Change Dir: /home/jason/repos/lib-git/CMakeFiles/CMakeTmp

Run Build Command:"/usr/bin/make" "cmTC_d341c/fast"
make[1]: Entering directory '/home/jason/Code/Repositories/lib-git/CMakeFiles/CMakeTmp'
/usr/bin/make -f CMakeFiles/cmTC_d341c.dir/build.make CMakeFiles/cmTC_d341c.dir/build
make[2]: Entering directory '/home/jason/Code/Repositories/lib-git/CMakeFiles/CMakeTmp'
Building CXX object CMakeFiles/cmTC_d341c.dir/src.cxx.o
/usr/bin/c++     -pedantic -Wall -Wextra -Wundef -Wcast-align -Wchar-subscripts -Wnon-virtual-dtor -Wunused-local-typedefs -Wpointer-arith -Wwrite-strings -Wformat-security -Wshorten-64-to-32 -Wenum-conversion -Wc++11-extensions -Wdouble-promotion -Wshadow -Wno-variadic-macros -Wno-long-long -fno-check-new -fno-common -DCOMPILER_SUPPORT_fstrictaliasing -Werror   -fstrict-aliasing -o CMakeFiles/cmTC_d341c.dir/src.cxx.o -c /home/jason/repos/lib-git/CMakeFiles/CMakeTmp/src.cxx
Linking CXX executable cmTC_d341c
/usr/bin/cmake -E cmake_link_script CMakeFiles/cmTC_d341c.dir/link.txt --verbose=1
/usr/bin/c++    -pedantic -Wall -Wextra -Wundef -Wcast-align -Wchar-subscripts -Wnon-virtual-dtor -Wunused-local-typedefs -Wpointer-arith -Wwrite-strings -Wformat-security -Wshorten-64-to-32 -Wenum-conversion -Wc++11-extensions -Wdouble-promotion -Wshadow -Wno-variadic-macros -Wno-long-long -fno-check-new -fno-common -DCOMPILER_SUPPORT_fstrictaliasing -Werror    CMakeFiles/cmTC_d341c.dir/src.cxx.o  -o cmTC_d341c -rdynamic 
make[2]: Leaving directory '/home/jason/Code/Repositories/lib-git/CMakeFiles/CMakeTmp'
make[1]: Leaving directory '/home/jason/Code/Repositories/lib-git/CMakeFiles/CMakeTmp'

Source file was:
int main() { return 0; }
Performing C++ SOURCE FILE Test COMPILER_SUPPORT_Qunusedarguments succeeded with the following output:
Change Dir: /home/jason/repos/lib-git/CMakeFiles/CMakeTmp

Run Build Command:"/usr/bin/make" "cmTC_6a3ac/fast"
make[1]: Entering directory '/home/jason/Code/Repositories/lib-git/CMakeFiles/CMakeTmp'
/usr/bin/make -f CMakeFiles/cmTC_6a3ac.dir/build.make CMakeFiles/cmTC_6a3ac.dir/build
make[2]: Entering directory '/home/jason/Code/Repositories/lib-git/CMakeFiles/CMakeTmp'
Building CXX object CMakeFiles/cmTC_6a3ac.dir/src.cxx.o
/usr/bin/c++     -pedantic -Wall -Wextra -Wundef -Wcast-align -Wchar-subscripts -Wnon-virtual-dtor -Wunused-local-typedefs -Wpointer-arith -Wwrite-strings -Wformat-security -Wshorten-64-to-32 -Wenum-conversion -Wc++11-extensions -Wdouble-promotion -Wshadow -Wno-variadic-macros -Wno-long-long -fno-check-new -fno-common -fstrict-aliasing -DCOMPILER_SUPPORT_Qunusedarguments -Werror   -Qunused-arguments -o CMakeFiles/cmTC_6a3ac.dir/src.cxx.o -c /home/jason/repos/lib-git/CMakeFiles/CMakeTmp/src.cxx
Linking CXX executable cmTC_6a3ac
/usr/bin/cmake -E cmake_link_script CMakeFiles/cmTC_6a3ac.dir/link.txt --verbose=1
/usr/bin/c++    -pedantic -Wall -Wextra -Wundef -Wcast-align -Wchar-subscripts -Wnon-virtual-dtor -Wunused-local-typedefs -Wpointer-arith -Wwrite-strings -Wformat-security -Wshorten-64-to-32 -Wenum-conversion -Wc++11-extensions -Wdouble-promotion -Wshadow -Wno-variadic-macros -Wno-long-long -fno-check-new -fno-common -fstrict-aliasing -DCOMPILER_SUPPORT_Qunusedarguments -Werror    CMakeFiles/cmTC_6a3ac.dir/src.cxx.o  -o cmTC_6a3ac -rdynamic 
make[2]: Leaving directory '/home/jason/Code/Repositories/lib-git/CMakeFiles/CMakeTmp'
make[1]: Leaving directory '/home/jason/Code/Repositories/lib-git/CMakeFiles/CMakeTmp'

Source file was:
int main() { return 0; }
Performing C++ SOURCE FILE Test COMPILER_SUPPORT_ansi succeeded with the following output:
Change Dir: /home/jason/repos/lib-git/CMakeFiles/CMakeTmp

Run Build Command:"/usr/bin/make" "cmTC_94b6e/fast"
make[1]: Entering directory '/home/jason/Code/Repositories/lib-git/CMakeFiles/CMakeTmp'
/usr/bin/make -f CMakeFiles/cmTC_94b6e.dir/build.make CMakeFiles/cmTC_94b6e.dir/build
make[2]: Entering directory '/home/jason/Code/Repositories/lib-git/CMakeFiles/CMakeTmp'
Building CXX object CMakeFiles/cmTC_94b6e.dir/src.cxx.o
/usr/bin/c++     -pedantic -Wall -Wextra -Wundef -Wcast-align -Wchar-subscripts -Wnon-virtual-dtor -Wunused-local-typedefs -Wpointer-arith -Wwrite-strings -Wformat-security -Wshorten-64-to-32 -Wenum-conversion -Wc++11-extensions -Wdouble-promotion -Wshadow -Wno-variadic-macros -Wno-long-long -fno-check-new -fno-common -fstrict-aliasing -Qunused-arguments -DCOMPILER_SUPPORT_ansi -Werror   -ansi -o CMakeFiles/cmTC_94b6e.dir/src.cxx.o -c /home/jason/repos/lib-git/CMakeFiles/CMakeTmp/src.cxx
Linking CXX executable cmTC_94b6e
/usr/bin/cmake -E cmake_link_script CMakeFiles/cmTC_94b6e.dir/link.txt --verbose=1
/usr/bin/c++    -pedantic -Wall -Wextra -Wundef -Wcast-align -Wchar-subscripts -Wnon-virtual-dtor -Wunused-local-typedefs -Wpointer-arith -Wwrite-strings -Wformat-security -Wshorten-64-to-32 -Wenum-conversion -Wc++11-extensions -Wdouble-promotion -Wshadow -Wno-variadic-macros -Wno-long-long -fno-check-new -fno-common -fstrict-aliasing -Qunused-arguments -DCOMPILER_SUPPORT_ansi -Werror    CMakeFiles/cmTC_94b6e.dir/src.cxx.o  -o cmTC_94b6e -rdynamic 
make[2]: Leaving directory '/home/jason/Code/Repositories/lib-git/CMakeFiles/CMakeTmp'
make[1]: Leaving directory '/home/jason/Code/Repositories/lib-git/CMakeFiles/CMakeTmp'

Source file was:
int main() { return 0; }
Performing C++ SOURCE FILE Test COMPILER_SUPPORT_OPENMP succeeded with the following output:
Change Dir: /home/jason/repos/lib-git/CMakeFiles/CMakeTmp

Run Build Command:"/usr/bin/make" "cmTC_fc66f/fast"
make[1]: Entering directory '/home/jason/Code/Repositories/lib-git/CMakeFiles/CMakeTmp'
/usr/bin/make -f CMakeFiles/cmTC_fc66f.dir/build.make CMakeFiles/cmTC_fc66f.dir/build
make[2]: Entering directory '/home/jason/Code/Repositories/lib-git/CMakeFiles/CMakeTmp'
Building CXX object CMakeFiles/cmTC_fc66f.dir/src.cxx.o
/usr/bin/c++     -pedantic -Wall -Wextra -Wundef -Wcast-align -Wchar-subscripts -Wnon-virtual-dtor -Wunused-local-typedefs -Wpointer-arith -Wwrite-strings -Wformat-security -Wshorten-64-to-32 -Wenum-conversion -Wc++11-extensions -Wdouble-promotion -Wshadow -Wno-variadic-macros -Wno-long-long -fno-check-new -fno-common -fstrict-aliasing -Qunused-arguments -ansi -DCOMPILER_SUPPORT_OPENMP   -fopenmp -o CMakeFiles/cmTC_fc66f.dir/src.cxx.o -c /home/jason/repos/lib-git/CMakeFiles/CMakeTmp/src.cxx
Linking CXX executable cmTC_fc66f
/usr/bin/cmake -E cmake_link_script CMakeFiles/cmTC_fc66f.dir/link.txt --verbose=1
/usr/bin/c++    -pedantic -Wall -Wextra -Wundef -Wcast-align -Wchar-subscripts -Wnon-virtual-dtor -Wunused-local-typedefs -Wpointer-arith -Wwrite-strings -Wformat-security -Wshorten-64-to-32 -Wenum-conversion -Wc++11-extensions -Wdouble-promotion -Wshadow -Wno-variadic-macros -Wno-long-long -fno-check-new -fno-common -fstrict-aliasing -Qunused-arguments -ansi -DCOMPILER_SUPPORT_OPENMP    CMakeFiles/cmTC_fc66f.dir/src.cxx.o  -o cmTC_fc66f -rdynamic 
make[2]: Leaving directory '/home/jason/Code/Repositories/lib-git/CMakeFiles/CMakeTmp'
make[1]: Leaving directory '/home/jason/Code/Repositories/lib-git/CMakeFiles/CMakeTmp'

Source file was:
int main() { return 0; }
Performing C++ SOURCE FILE Test EIGEN_COMPILER_SUPPORT_CPP11 succeeded with the following output:
Change Dir: /home/jason/repos/lib-git/CMakeFiles/CMakeTmp

Run Build Command:"/usr/bin/make" "cmTC_4a00c/fast"
make[1]: Entering directory '/home/jason/Code/Repositories/lib-git/CMakeFiles/CMakeTmp'
/usr/bin/make -f CMakeFiles/cmTC_4a00c.dir/build.make CMakeFiles/cmTC_4a00c.dir/build
make[2]: Entering directory '/home/jason/Code/Repositories/lib-git/CMakeFiles/CMakeTmp'
Building CXX object CMakeFiles/cmTC_4a00c.dir/src.cxx.o
/usr/bin/c++     -pedantic -Wall -Wextra -Wundef -Wcast-align -Wchar-subscripts -Wnon-virtual-dtor -Wunused-local-typedefs -Wpointer-arith -Wwrite-strings -Wformat-security -Wshorten-64-to-32 -Wenum-conversion -Wc++11-extensions -Wdouble-promotion -Wshadow -Wno-variadic-macros -Wno-long-long -fno-check-new -fno-common -fstrict-aliasing -Qunused-arguments -ansi -DEIGEN_COMPILER_SUPPORT_CPP11   -std=c++11 -o CMakeFiles/cmTC_4a00c.dir/src.cxx.o -c /home/jason/repos/lib-git/CMakeFiles/CMakeTmp/src.cxx
Linking CXX executable cmTC_4a00c
/usr/bin/cmake -E cmake_link_script CMakeFiles/cmTC_4a00c.dir/link.txt --verbose=1
/usr/bin/c++    -pedantic -Wall -Wextra -Wundef -Wcast-align -Wchar-subscripts -Wnon-virtual-dtor -Wunused-local-typedefs -Wpointer-arith -Wwrite-strings -Wformat-security -Wshorten-64-to-32 -Wenum-conversion -Wc++11-extensions -Wdouble-promotion -Wshadow -Wno-variadic-macros -Wno-long-long -fno-check-new -fno-common -fstrict-aliasing -Qunused-arguments -ansi -DEIGEN_COMPILER_SUPPORT_CPP11    CMakeFiles/cmTC_4a00c.dir/src.cxx.o  -o cmTC_4a00c -rdynamic 
make[2]: Leaving directory '/home/jason/Code/Repositories/lib-git/CMakeFiles/CMakeTmp'
make[1]: Leaving directory '/home/jason/Code/Repositories/lib-git/CMakeFiles/CMakeTmp'

Source file was:
int main() { return 0; }
Determining if the Q_WS_X11 exist passed with the following output:
Change Dir: /home/jason/repos/lib-git/CMakeFiles/CMakeTmp

Run Build Command:"/usr/bin/make" "cmTC_e4598/fast"
make[1]: Entering directory '/home/jason/Code/Repositories/lib-git/CMakeFiles/CMakeTmp'
/usr/bin/make -f CMakeFiles/cmTC_e4598.dir/build.make CMakeFiles/cmTC_e4598.dir/build
make[2]: Entering directory '/home/jason/Code/Repositories/lib-git/CMakeFiles/CMakeTmp'
Building CXX object CMakeFiles/cmTC_e4598.dir/CheckSymbolExists.cxx.o
/usr/bin/c++    -I/usr/include/qt4  -pedantic -Wall -Wextra -Wundef -Wcast-align -Wchar-subscripts -Wnon-virtual-dtor -Wunused-local-typedefs -Wpointer-arith -Wwrite-strings -Wformat-security -Wshorten-64-to-32 -Wenum-conversion -Wc++11-extensions -Wdouble-promotion -Wshadow -Wno-variadic-macros -Wno-long-long -fno-check-new -fno-common -fstrict-aliasing -Qunused-arguments -ansi    -o CMakeFiles/cmTC_e4598.dir/CheckSymbolExists.cxx.o -c /home/jason/repos/lib-git/CMakeFiles/CMakeTmp/CheckSymbolExists.cxx
Linking CXX executable cmTC_e4598
/usr/bin/cmake -E cmake_link_script CMakeFiles/cmTC_e4598.dir/link.txt --verbose=1
/usr/bin/c++    -pedantic -Wall -Wextra -Wundef -Wcast-align -Wchar-subscripts -Wnon-virtual-dtor -Wunused-local-typedefs -Wpointer-arith -Wwrite-strings -Wformat-security -Wshorten-64-to-32 -Wenum-conversion -Wc++11-extensions -Wdouble-promotion -Wshadow -Wno-variadic-macros -Wno-long-long -fno-check-new -fno-common -fstrict-aliasing -Qunused-arguments -ansi     CMakeFiles/cmTC_e4598.dir/CheckSymbolExists.cxx.o  -o cmTC_e4598 -rdynamic 
make[2]: Leaving directory '/home/jason/Code/Repositories/lib-git/CMakeFiles/CMakeTmp'
make[1]: Leaving directory '/home/jason/Code/Repositories/lib-git/CMakeFiles/CMakeTmp'

File /home/jason/repos/lib-git/CMakeFiles/CMakeTmp/CheckSymbolExists.cxx:
/* */
#include <QtCore/qglobal.h>

int main(int argc, char** argv)
{
  (void)argv;
#ifndef Q_WS_X11
  return ((int*)(&Q_WS_X11))[argc];
#else
  (void)argc;
  return 0;
#endif
}

