Performing C++ SOURCE FILE Test COMPILER_SUPPORT_Wlogicalop failed with the following output:
Change Dir: /home/jason/repos/lib-git/CMakeFiles/CMakeTmp

Run Build Command:"/usr/bin/make" "cmTC_9d4de/fast"
make[1]: Entering directory '/home/jason/Code/Repositories/lib-git/CMakeFiles/CMakeTmp'
/usr/bin/make -f CMakeFiles/cmTC_9d4de.dir/build.make CMakeFiles/cmTC_9d4de.dir/build
make[2]: Entering directory '/home/jason/Code/Repositories/lib-git/CMakeFiles/CMakeTmp'
Building CXX object CMakeFiles/cmTC_9d4de.dir/src.cxx.o
/usr/bin/c++     -pedantic -Wall -Wextra -Wundef -Wcast-align -Wchar-subscripts -Wnon-virtual-dtor -Wunused-local-typedefs -Wpointer-arith -Wwrite-strings -Wformat-security -Wshorten-64-to-32 -DCOMPILER_SUPPORT_Wlogicalop -Werror   -Wlogical-op -o CMakeFiles/cmTC_9d4de.dir/src.cxx.o -c /home/jason/repos/lib-git/CMakeFiles/CMakeTmp/src.cxx
error: unknown warning option '-Wlogical-op'; did you mean '-Wliblto'? [-Werror,-Wunknown-warning-option]
CMakeFiles/cmTC_9d4de.dir/build.make:65: recipe for target 'CMakeFiles/cmTC_9d4de.dir/src.cxx.o' failed
make[2]: *** [CMakeFiles/cmTC_9d4de.dir/src.cxx.o] Error 1
make[2]: Leaving directory '/home/jason/Code/Repositories/lib-git/CMakeFiles/CMakeTmp'
Makefile:126: recipe for target 'cmTC_9d4de/fast' failed
make[1]: *** [cmTC_9d4de/fast] Error 2
make[1]: Leaving directory '/home/jason/Code/Repositories/lib-git/CMakeFiles/CMakeTmp'

Source file was:
int main() { return 0; }
Performing C++ SOURCE FILE Test COMPILER_SUPPORT_Wnopsabi failed with the following output:
Change Dir: /home/jason/repos/lib-git/CMakeFiles/CMakeTmp

Run Build Command:"/usr/bin/make" "cmTC_8d635/fast"
make[1]: Entering directory '/home/jason/Code/Repositories/lib-git/CMakeFiles/CMakeTmp'
/usr/bin/make -f CMakeFiles/cmTC_8d635.dir/build.make CMakeFiles/cmTC_8d635.dir/build
make[2]: Entering directory '/home/jason/Code/Repositories/lib-git/CMakeFiles/CMakeTmp'
Building CXX object CMakeFiles/cmTC_8d635.dir/src.cxx.o
/usr/bin/c++     -pedantic -Wall -Wextra -Wundef -Wcast-align -Wchar-subscripts -Wnon-virtual-dtor -Wunused-local-typedefs -Wpointer-arith -Wwrite-strings -Wformat-security -Wshorten-64-to-32 -Wenum-conversion -Wc++11-extensions -Wdouble-promotion -Wshadow -DCOMPILER_SUPPORT_Wnopsabi -Werror   -Wno-psabi -o CMakeFiles/cmTC_8d635.dir/src.cxx.o -c /home/jason/repos/lib-git/CMakeFiles/CMakeTmp/src.cxx
error: unknown warning option '-Wno-psabi' [-Werror,-Wunknown-warning-option]
CMakeFiles/cmTC_8d635.dir/build.make:65: recipe for target 'CMakeFiles/cmTC_8d635.dir/src.cxx.o' failed
make[2]: *** [CMakeFiles/cmTC_8d635.dir/src.cxx.o] Error 1
make[2]: Leaving directory '/home/jason/Code/Repositories/lib-git/CMakeFiles/CMakeTmp'
Makefile:126: recipe for target 'cmTC_8d635/fast' failed
make[1]: *** [cmTC_8d635/fast] Error 2
make[1]: Leaving directory '/home/jason/Code/Repositories/lib-git/CMakeFiles/CMakeTmp'

Source file was:
int main() { return 0; }
Performing C++ SOURCE FILE Test COMPILER_SUPPORT_wd981 failed with the following output:
Change Dir: /home/jason/repos/lib-git/CMakeFiles/CMakeTmp

Run Build Command:"/usr/bin/make" "cmTC_58c78/fast"
make[1]: Entering directory '/home/jason/Code/Repositories/lib-git/CMakeFiles/CMakeTmp'
/usr/bin/make -f CMakeFiles/cmTC_58c78.dir/build.make CMakeFiles/cmTC_58c78.dir/build
make[2]: Entering directory '/home/jason/Code/Repositories/lib-git/CMakeFiles/CMakeTmp'
Building CXX object CMakeFiles/cmTC_58c78.dir/src.cxx.o
/usr/bin/c++     -pedantic -Wall -Wextra -Wundef -Wcast-align -Wchar-subscripts -Wnon-virtual-dtor -Wunused-local-typedefs -Wpointer-arith -Wwrite-strings -Wformat-security -Wshorten-64-to-32 -Wenum-conversion -Wc++11-extensions -Wdouble-promotion -Wshadow -Wno-variadic-macros -Wno-long-long -fno-check-new -fno-common -fstrict-aliasing -DCOMPILER_SUPPORT_wd981 -Werror   -wd981 -o CMakeFiles/cmTC_58c78.dir/src.cxx.o -c /home/jason/repos/lib-git/CMakeFiles/CMakeTmp/src.cxx
clang: error: unknown argument: '-wd981'
CMakeFiles/cmTC_58c78.dir/build.make:65: recipe for target 'CMakeFiles/cmTC_58c78.dir/src.cxx.o' failed
make[2]: *** [CMakeFiles/cmTC_58c78.dir/src.cxx.o] Error 1
make[2]: Leaving directory '/home/jason/Code/Repositories/lib-git/CMakeFiles/CMakeTmp'
Makefile:126: recipe for target 'cmTC_58c78/fast' failed
make[1]: *** [cmTC_58c78/fast] Error 2
make[1]: Leaving directory '/home/jason/Code/Repositories/lib-git/CMakeFiles/CMakeTmp'

Source file was:
int main() { return 0; }
Performing C++ SOURCE FILE Test COMPILER_SUPPORT_wd2304 failed with the following output:
Change Dir: /home/jason/repos/lib-git/CMakeFiles/CMakeTmp

Run Build Command:"/usr/bin/make" "cmTC_12f38/fast"
make[1]: Entering directory '/home/jason/Code/Repositories/lib-git/CMakeFiles/CMakeTmp'
/usr/bin/make -f CMakeFiles/cmTC_12f38.dir/build.make CMakeFiles/cmTC_12f38.dir/build
make[2]: Entering directory '/home/jason/Code/Repositories/lib-git/CMakeFiles/CMakeTmp'
Building CXX object CMakeFiles/cmTC_12f38.dir/src.cxx.o
/usr/bin/c++     -pedantic -Wall -Wextra -Wundef -Wcast-align -Wchar-subscripts -Wnon-virtual-dtor -Wunused-local-typedefs -Wpointer-arith -Wwrite-strings -Wformat-security -Wshorten-64-to-32 -Wenum-conversion -Wc++11-extensions -Wdouble-promotion -Wshadow -Wno-variadic-macros -Wno-long-long -fno-check-new -fno-common -fstrict-aliasing -DCOMPILER_SUPPORT_wd2304 -Werror   -wd2304 -o CMakeFiles/cmTC_12f38.dir/src.cxx.o -c /home/jason/repos/lib-git/CMakeFiles/CMakeTmp/src.cxx
clang: error: unknown argument: '-wd2304'
CMakeFiles/cmTC_12f38.dir/build.make:65: recipe for target 'CMakeFiles/cmTC_12f38.dir/src.cxx.o' failed
make[2]: *** [CMakeFiles/cmTC_12f38.dir/src.cxx.o] Error 1
make[2]: Leaving directory '/home/jason/Code/Repositories/lib-git/CMakeFiles/CMakeTmp'
Makefile:126: recipe for target 'cmTC_12f38/fast' failed
make[1]: *** [cmTC_12f38/fast] Error 2
make[1]: Leaving directory '/home/jason/Code/Repositories/lib-git/CMakeFiles/CMakeTmp'

Source file was:
int main() { return 0; }
Performing C++ SOURCE FILE Test COMPILER_SUPPORT_STRICTANSI failed with the following output:
Change Dir: /home/jason/repos/lib-git/CMakeFiles/CMakeTmp

Run Build Command:"/usr/bin/make" "cmTC_80438/fast"
make[1]: Entering directory '/home/jason/Code/Repositories/lib-git/CMakeFiles/CMakeTmp'
/usr/bin/make -f CMakeFiles/cmTC_80438.dir/build.make CMakeFiles/cmTC_80438.dir/build
make[2]: Entering directory '/home/jason/Code/Repositories/lib-git/CMakeFiles/CMakeTmp'
Building CXX object CMakeFiles/cmTC_80438.dir/src.cxx.o
/usr/bin/c++     -pedantic -Wall -Wextra -Wundef -Wcast-align -Wchar-subscripts -Wnon-virtual-dtor -Wunused-local-typedefs -Wpointer-arith -Wwrite-strings -Wformat-security -Wshorten-64-to-32 -Wenum-conversion -Wc++11-extensions -Wdouble-promotion -Wshadow -Wno-variadic-macros -Wno-long-long -fno-check-new -fno-common -fstrict-aliasing -DCOMPILER_SUPPORT_STRICTANSI -Werror   -strict-ansi -o CMakeFiles/cmTC_80438.dir/src.cxx.o -c /home/jason/repos/lib-git/CMakeFiles/CMakeTmp/src.cxx
clang: error: unknown argument: '-strict-ansi'
CMakeFiles/cmTC_80438.dir/build.make:65: recipe for target 'CMakeFiles/cmTC_80438.dir/src.cxx.o' failed
make[2]: *** [CMakeFiles/cmTC_80438.dir/src.cxx.o] Error 1
make[2]: Leaving directory '/home/jason/Code/Repositories/lib-git/CMakeFiles/CMakeTmp'
Makefile:126: recipe for target 'cmTC_80438/fast' failed
make[1]: *** [cmTC_80438/fast] Error 2
make[1]: Leaving directory '/home/jason/Code/Repositories/lib-git/CMakeFiles/CMakeTmp'

Source file was:
int main() { return 0; }
Determining if the Q_WS_WIN exist failed with the following output:
Change Dir: /home/jason/repos/lib-git/CMakeFiles/CMakeTmp

Run Build Command:"/usr/bin/make" "cmTC_4c73f/fast"
make[1]: Entering directory '/home/jason/Code/Repositories/lib-git/CMakeFiles/CMakeTmp'
/usr/bin/make -f CMakeFiles/cmTC_4c73f.dir/build.make CMakeFiles/cmTC_4c73f.dir/build
make[2]: Entering directory '/home/jason/Code/Repositories/lib-git/CMakeFiles/CMakeTmp'
Building CXX object CMakeFiles/cmTC_4c73f.dir/CheckSymbolExists.cxx.o
/usr/bin/c++    -I/usr/include/qt4  -pedantic -Wall -Wextra -Wundef -Wcast-align -Wchar-subscripts -Wnon-virtual-dtor -Wunused-local-typedefs -Wpointer-arith -Wwrite-strings -Wformat-security -Wshorten-64-to-32 -Wenum-conversion -Wc++11-extensions -Wdouble-promotion -Wshadow -Wno-variadic-macros -Wno-long-long -fno-check-new -fno-common -fstrict-aliasing -Qunused-arguments -ansi    -o CMakeFiles/cmTC_4c73f.dir/CheckSymbolExists.cxx.o -c /home/jason/repos/lib-git/CMakeFiles/CMakeTmp/CheckSymbolExists.cxx
/home/jason/repos/lib-git/CMakeFiles/CMakeTmp/CheckSymbolExists.cxx:8:19: error: use of undeclared identifier 'Q_WS_WIN'
  return ((int*)(&Q_WS_WIN))[argc];
                  ^
1 error generated.
CMakeFiles/cmTC_4c73f.dir/build.make:65: recipe for target 'CMakeFiles/cmTC_4c73f.dir/CheckSymbolExists.cxx.o' failed
make[2]: *** [CMakeFiles/cmTC_4c73f.dir/CheckSymbolExists.cxx.o] Error 1
make[2]: Leaving directory '/home/jason/Code/Repositories/lib-git/CMakeFiles/CMakeTmp'
Makefile:126: recipe for target 'cmTC_4c73f/fast' failed
make[1]: *** [cmTC_4c73f/fast] Error 2
make[1]: Leaving directory '/home/jason/Code/Repositories/lib-git/CMakeFiles/CMakeTmp'

File /home/jason/repos/lib-git/CMakeFiles/CMakeTmp/CheckSymbolExists.cxx:
/* */
#include <QtCore/qglobal.h>

int main(int argc, char** argv)
{
  (void)argv;
#ifndef Q_WS_WIN
  return ((int*)(&Q_WS_WIN))[argc];
#else
  (void)argc;
  return 0;
#endif
}

Determining if the Q_WS_QWS exist failed with the following output:
Change Dir: /home/jason/repos/lib-git/CMakeFiles/CMakeTmp

Run Build Command:"/usr/bin/make" "cmTC_7ad4f/fast"
make[1]: Entering directory '/home/jason/Code/Repositories/lib-git/CMakeFiles/CMakeTmp'
/usr/bin/make -f CMakeFiles/cmTC_7ad4f.dir/build.make CMakeFiles/cmTC_7ad4f.dir/build
make[2]: Entering directory '/home/jason/Code/Repositories/lib-git/CMakeFiles/CMakeTmp'
Building CXX object CMakeFiles/cmTC_7ad4f.dir/CheckSymbolExists.cxx.o
/usr/bin/c++    -I/usr/include/qt4  -pedantic -Wall -Wextra -Wundef -Wcast-align -Wchar-subscripts -Wnon-virtual-dtor -Wunused-local-typedefs -Wpointer-arith -Wwrite-strings -Wformat-security -Wshorten-64-to-32 -Wenum-conversion -Wc++11-extensions -Wdouble-promotion -Wshadow -Wno-variadic-macros -Wno-long-long -fno-check-new -fno-common -fstrict-aliasing -Qunused-arguments -ansi    -o CMakeFiles/cmTC_7ad4f.dir/CheckSymbolExists.cxx.o -c /home/jason/repos/lib-git/CMakeFiles/CMakeTmp/CheckSymbolExists.cxx
/home/jason/repos/lib-git/CMakeFiles/CMakeTmp/CheckSymbolExists.cxx:8:19: error: use of undeclared identifier 'Q_WS_QWS'
  return ((int*)(&Q_WS_QWS))[argc];
                  ^
1 error generated.
CMakeFiles/cmTC_7ad4f.dir/build.make:65: recipe for target 'CMakeFiles/cmTC_7ad4f.dir/CheckSymbolExists.cxx.o' failed
make[2]: *** [CMakeFiles/cmTC_7ad4f.dir/CheckSymbolExists.cxx.o] Error 1
make[2]: Leaving directory '/home/jason/Code/Repositories/lib-git/CMakeFiles/CMakeTmp'
Makefile:126: recipe for target 'cmTC_7ad4f/fast' failed
make[1]: *** [cmTC_7ad4f/fast] Error 2
make[1]: Leaving directory '/home/jason/Code/Repositories/lib-git/CMakeFiles/CMakeTmp'

File /home/jason/repos/lib-git/CMakeFiles/CMakeTmp/CheckSymbolExists.cxx:
/* */
#include <QtCore/qglobal.h>

int main(int argc, char** argv)
{
  (void)argv;
#ifndef Q_WS_QWS
  return ((int*)(&Q_WS_QWS))[argc];
#else
  (void)argc;
  return 0;
#endif
}

Determining if the Q_WS_MAC exist failed with the following output:
Change Dir: /home/jason/repos/lib-git/CMakeFiles/CMakeTmp

Run Build Command:"/usr/bin/make" "cmTC_fb6f2/fast"
make[1]: Entering directory '/home/jason/Code/Repositories/lib-git/CMakeFiles/CMakeTmp'
/usr/bin/make -f CMakeFiles/cmTC_fb6f2.dir/build.make CMakeFiles/cmTC_fb6f2.dir/build
make[2]: Entering directory '/home/jason/Code/Repositories/lib-git/CMakeFiles/CMakeTmp'
Building CXX object CMakeFiles/cmTC_fb6f2.dir/CheckSymbolExists.cxx.o
/usr/bin/c++    -I/usr/include/qt4  -pedantic -Wall -Wextra -Wundef -Wcast-align -Wchar-subscripts -Wnon-virtual-dtor -Wunused-local-typedefs -Wpointer-arith -Wwrite-strings -Wformat-security -Wshorten-64-to-32 -Wenum-conversion -Wc++11-extensions -Wdouble-promotion -Wshadow -Wno-variadic-macros -Wno-long-long -fno-check-new -fno-common -fstrict-aliasing -Qunused-arguments -ansi    -o CMakeFiles/cmTC_fb6f2.dir/CheckSymbolExists.cxx.o -c /home/jason/repos/lib-git/CMakeFiles/CMakeTmp/CheckSymbolExists.cxx
/home/jason/repos/lib-git/CMakeFiles/CMakeTmp/CheckSymbolExists.cxx:8:19: error: use of undeclared identifier 'Q_WS_MAC'
  return ((int*)(&Q_WS_MAC))[argc];
                  ^
1 error generated.
CMakeFiles/cmTC_fb6f2.dir/build.make:65: recipe for target 'CMakeFiles/cmTC_fb6f2.dir/CheckSymbolExists.cxx.o' failed
make[2]: *** [CMakeFiles/cmTC_fb6f2.dir/CheckSymbolExists.cxx.o] Error 1
make[2]: Leaving directory '/home/jason/Code/Repositories/lib-git/CMakeFiles/CMakeTmp'
Makefile:126: recipe for target 'cmTC_fb6f2/fast' failed
make[1]: *** [cmTC_fb6f2/fast] Error 2
make[1]: Leaving directory '/home/jason/Code/Repositories/lib-git/CMakeFiles/CMakeTmp'

File /home/jason/repos/lib-git/CMakeFiles/CMakeTmp/CheckSymbolExists.cxx:
/* */
#include <QtCore/qglobal.h>

int main(int argc, char** argv)
{
  (void)argv;
#ifndef Q_WS_MAC
  return ((int*)(&Q_WS_MAC))[argc];
#else
  (void)argc;
  return 0;
#endif
}

